21:46:08.507 INFO  ============ Fresh Run ============
21:46:08.577 DEBUG Making request: POST https://oauth2.googleapis.com/token
21:46:08.599 DEBUG Starting new HTTPS connection (1): oauth2.googleapis.com:443
21:46:08.666 DEBUG https://oauth2.googleapis.com:443 "POST /token HTTP/1.1" 200 None
21:46:08.895 DEBUG Watch paneraipam_632 already exists.
21:46:09.334 DEBUG Watch paneraipam_422 already exists.
21:46:09.794 DEBUG Watch paneraipam_112 already exists.
21:46:10.195 DEBUG Watch paneraipam_663 already exists.
21:46:10.673 DEBUG Watch paneraipam_676 already exists.
21:46:11.067 DEBUG Watch paneraipam_510 already exists.
21:46:11.541 DEBUG Watch paneraipam_514 already exists.
21:46:11.934 DEBUG Watch paneraipam_111 already exists.
21:46:12.416 DEBUG Watch paneraipam_1086 already exists.
21:46:12.816 DEBUG Watch paneraipam_312 already exists.
21:46:13.302 DEBUG Watch paneraipam_629 already exists.
21:46:13.693 DEBUG Watch paneraipam_1043 already exists.
21:46:14.183 DEBUG Watch paneraipam_523 already exists.
21:46:14.599 DEBUG Watch paneraipam_380 already exists.
21:46:15.053 DEBUG Watch paneraipam_1392 already exists.
21:46:15.471 DEBUG Watch paneraipam_005 already exists.
21:46:15.998 DEBUG Watch paneraipam_1270 already exists.
21:46:16.424 DEBUG Watch paneraipam_590 already exists.
21:46:16.935 DEBUG Watch paneraipam_063 already exists.
21:46:17.252 DEBUG Watch paneraipam_915 already exists.
21:46:17.608 DEBUG Watch paneraipam_1351 already exists.
21:46:18.039 DEBUG Watch paneraipam_024 already exists.
21:46:18.424 DEBUG Watch paneraipam_183 already exists.
21:46:18.796 DEBUG Watch paneraipam_069 already exists.
21:46:19.186 DEBUG Watch paneraipam_210 already exists.
21:46:19.617 DEBUG Watch paneraipam_090 already exists.
21:46:19.942 DEBUG Watch paneraipam_561 already exists.
21:46:20.225 DEBUG Watch paneraipam_104 already exists.
21:46:20.798 DEBUG Watch paneraipam_176 already exists.
21:46:21.079 DEBUG Watch paneraipam_1359 already exists.
21:46:21.344 DEBUG Watch paneraipam_010 already exists.
21:46:21.620 DEBUG Watch paneraipam_233 already exists.
21:46:21.898 DEBUG Watch paneraipam_320 already exists.
21:46:22.187 DEBUG Watch paneraipam_1249 already exists.
21:46:22.465 DEBUG Watch paneraipam_292 already exists.
21:46:22.727 DEBUG Watch paneraipam_904 already exists.
21:46:22.962 DEBUG Watch paneraipam_1535 already exists.
21:46:23.202 DEBUG Watch paneraipam_978 already exists.
21:46:23.440 DEBUG Watch paneraipam_773 already exists.
21:46:23.632 DEBUG Watch paneraipam_372 already exists.
21:46:23.876 DEBUG Watch paneraipam_1048 already exists.
21:46:24.097 DEBUG Watch paneraipam_564 already exists.
21:46:24.475 DEBUG Watch paneraipam_927 already exists.
21:46:24.978 DEBUG Watch paneraipam_305 already exists.
21:46:25.395 DEBUG Watch paneraipam_643 already exists.
21:46:25.727 DEBUG Watch paneraipam_1305 already exists.
21:46:25.950 DEBUG Watch paneraipam_609 already exists.
21:46:26.239 DEBUG Watch paneraipam_1110 already exists.
21:46:26.468 DEBUG Watch paneraipam_774 already exists.
21:46:26.979 DEBUG Watch paneraipam_1176 already exists.
21:46:27.529 DEBUG Watch paneraipam_716 already exists.
21:46:27.773 DEBUG Watch paneraipam_1312 already exists.
21:46:28.018 DEBUG Watch paneraipam_777 already exists.
21:46:28.276 DEBUG Watch paneraipam_755 already exists.
21:46:28.766 DEBUG Watch paneraipam_346 already exists.
21:46:29.006 DEBUG Watch paneraipam_390 already exists.
21:46:29.756 DEBUG Watch paneraipam_1028 already exists.
21:46:29.974 DEBUG Watch paneraipam_371 already exists.
21:46:30.477 DEBUG Watch paneraipam_992 already exists.
21:46:30.706 DEBUG Watch paneraipam_1223 already exists.
21:46:31.025 DEBUG Watch paneraipam_000 already exists.
21:46:31.519 DEBUG Watch paneraipam_218 already exists.
21:46:31.730 DEBUG Watch paneraipam_441 already exists.
21:46:32.039 DEBUG Watch paneraipam_1090 already exists.
21:46:32.240 DEBUG Watch paneraipam_369 already exists.
21:46:32.480 DEBUG Watch paneraipam_425 already exists.
21:46:32.715 DEBUG Watch paneraipam_232 already exists.
21:46:32.981 DEBUG Watch paneraipam_352 already exists.
21:46:33.216 DEBUG Watch paneraipam_943 already exists.
21:46:33.422 DEBUG Watch paneraipam_574 already exists.
21:46:33.639 DEBUG Watch paneraipam_356 already exists.
21:46:33.855 DEBUG Watch paneraipam_661 already exists.
21:46:34.059 DEBUG Watch paneraipam_982 already exists.
21:46:34.268 DEBUG Watch paneraipam_388 already exists.
21:46:34.486 DEBUG Watch paneraipam_177 already exists.
21:46:34.704 DEBUG Watch paneraipam_504 already exists.
21:46:34.946 DEBUG Watch paneraipam_283 already exists.
21:46:35.188 DEBUG Watch oris01_730_7757_4083 already exists.
21:46:35.459 DEBUG Watch patek_philippe5112g already exists.
21:46:35.692 DEBUG Watch patek_philippe3989j already exists.
21:46:35.949 DEBUG Watch patek_philippe5711a already exists.
21:46:36.189 DEBUG Watch patek_philippe3940p already exists.
21:46:36.401 DEBUG Watch patek_philippe5712a already exists.
21:46:36.617 DEBUG Watch patek_philippe3802j already exists.
21:46:36.841 DEBUG Watch patek_philippe5196j already exists.
21:46:37.064 DEBUG Watch patek_philippe7118a already exists.
21:46:37.288 DEBUG Watch patek_philippe5565a already exists.
21:46:37.503 DEBUG Watch patek_philippe5960p already exists.
21:46:37.743 DEBUG Watch piagetgoa39105 already exists.
21:46:38.036 DEBUG Watch rolex126200 already exists.
21:46:38.337 DEBUG Watch rolex169622 already exists.
21:46:38.583 DEBUG Watch rolex124300 already exists.
21:46:38.825 DEBUG Watch rolex126711 already exists.
21:46:39.083 DEBUG Watch rolex124200 already exists.
21:46:39.353 DEBUG Watch rolex126000 already exists.
21:46:39.643 DEBUG Watch rolex16610lv already exists.
21:46:40.011 DEBUG Watch rolex76080 already exists.
21:46:40.292 DEBUG Watch rolex126300 already exists.
21:46:40.580 DEBUG Watch rolex116713 already exists.
21:46:40.839 DEBUG Watch rolex126660 already exists.
21:46:41.188 DEBUG Watch rolex116400gv already exists.
21:46:41.444 DEBUG Watch rolex114270 already exists.
21:46:41.687 DEBUG Watch rolex116900 already exists.
21:46:41.960 DEBUG Watch rolex126600 already exists.
21:46:42.216 DEBUG Watch rolex126613 already exists.
21:46:42.515 DEBUG Watch rolex126710 already exists.
21:46:42.836 DEBUG Watch rolex124060 already exists.
21:46:43.099 DEBUG Watch rolex14060 already exists.
21:46:43.409 DEBUG Watch rolex124270 already exists.
21:46:43.979 DEBUG Watch rolex116500 already exists.
21:46:44.202 DEBUG Watch rolex126331 already exists.
21:46:44.435 DEBUG Watch rolex214270 already exists.
21:46:44.695 DEBUG Watch rolex124273 already exists.
21:46:44.937 DEBUG Watch rolex114060 already exists.
21:46:45.216 DEBUG Watch rolex116000 already exists.
21:46:45.464 DEBUG Watch rolex15200 already exists.
21:46:45.719 DEBUG Watch rolex16030 already exists.
21:46:45.982 DEBUG Watch rolex126610 already exists.
21:46:46.251 DEBUG Watch rolex116264 already exists.
21:46:46.439 DEBUG Watch rolex18238 already exists.
21:46:46.674 DEBUG Watch rolex216570 already exists.
21:46:46.928 DEBUG Watch rolex116610 already exists.
21:46:47.208 DEBUG Watch rolex116613 already exists.
21:46:47.533 DEBUG Watch rolex116333 already exists.
21:46:47.801 DEBUG Watch rolex116610lv already exists.
21:46:48.018 DEBUG Watch rolex178344 already exists.
21:46:48.255 DEBUG Watch rolex16613 already exists.
21:46:48.471 DEBUG Watch rolex116234 already exists.
21:46:48.674 DEBUG Watch rolex79173 already exists.
21:46:48.971 DEBUG Watch rolex116622 already exists.
21:46:49.284 DEBUG Watch rolex126234 already exists.
21:46:49.538 DEBUG Watch rolex16610 already exists.
21:46:49.796 DEBUG Watch rolex279161 already exists.
21:46:50.031 DEBUG Watch rolex77080 already exists.
21:46:50.296 DEBUG Watch rolex14270 already exists.
21:46:50.546 DEBUG Watch rolex16570 already exists.
21:46:50.759 DEBUG Watch rolex169623 already exists.
21:46:50.989 DEBUG Watch rolex326933 already exists.
21:46:51.198 DEBUG Watch rolex14010 already exists.
21:46:51.425 DEBUG Watch rolex69173 already exists.
21:46:51.620 DEBUG Watch rolex128238 already exists.
21:46:51.807 DEBUG Watch rolex176210 already exists.
21:46:52.123 DEBUG Watch rolex116710 already exists.
21:46:52.475 DEBUG Watch rolex114300 already exists.
21:46:52.776 DEBUG Watch rolex116660 already exists.
21:46:53.003 DEBUG Watch rolex16600 already exists.
21:46:53.321 DEBUG Watch rolex114200 already exists.
21:46:53.591 DEBUG Watch rolex116300 already exists.
21:46:53.873 DEBUG Watch rolex126334 already exists.
21:46:54.133 DEBUG Watch rolex126333 already exists.
21:46:54.391 DEBUG Watch rolex116200 already exists.
21:46:54.632 DEBUG Watch rolex326934 already exists.
21:46:54.837 DEBUG Watch rolex118205 already exists.
21:46:55.038 DEBUG Setting new watch rolex6694
21:46:55.192 DEBUG Watch rolex116400 already exists.
21:46:55.391 DEBUG Watch rolex18239 already exists.
21:46:55.582 DEBUG Watch rolex116680 already exists.
21:46:55.783 DEBUG Watch rolex126233 already exists.
21:46:55.991 DEBUG Watch rolex115200 already exists.
21:46:56.191 DEBUG Watch rolex116503 already exists.
21:46:56.394 DEBUG Watch rolex279160 already exists.
21:46:56.613 DEBUG Watch rolex279174 already exists.
21:46:56.831 DEBUG Watch rolex16234 already exists.
21:46:57.077 DEBUG Watch rolex14000 already exists.
21:46:57.284 DEBUG Watch rolex116518 already exists.
21:46:57.480 DEBUG Watch rolex16200 already exists.
21:46:57.696 DEBUG Watch rolex226570 already exists.
21:46:57.906 DEBUG Watch rolex115234 already exists.
21:46:58.116 DEBUG Setting new watch rolex179174
21:46:58.265 DEBUG Watch rolex16528 already exists.
21:46:58.471 DEBUG Watch rolex116231 already exists.
21:46:58.694 DEBUG Watch rolex178274 already exists.
21:46:58.935 DEBUG Watch rolex116334 already exists.
21:46:59.130 DEBUG Watch rolex126203 already exists.
21:46:59.332 DEBUG Watch rolex116519 already exists.
21:46:59.596 DEBUG Watch rolex126603 already exists.
21:46:59.811 DEBUG Watch rolex50525 already exists.
21:47:00.031 DEBUG Watch rolex50529 already exists.
21:47:00.231 DEBUG Watch rolex176200 already exists.
21:47:00.485 DEBUG Watch rolex276200 already exists.
21:47:00.741 DEBUG Watch rolex69160 already exists.
21:47:01.024 DEBUG Watch rolex16622 already exists.
21:47:01.255 DEBUG Watch rolex76030 already exists.
21:47:01.436 DEBUG Watch rolex116201 already exists.
21:47:01.620 DEBUG Watch rolex68279 already exists.
21:47:01.805 DEBUG Watch rolex67480 already exists.
21:47:02.023 DEBUG Watch rolex15210 already exists.
21:47:02.232 DEBUG Watch rolex16203 already exists.
21:47:02.455 DEBUG Watch rolex67180 already exists.
21:47:03.018 DEBUG Watch rolex79240 already exists.
21:47:03.231 DEBUG Watch rolex118135 already exists.
21:47:03.450 DEBUG Watch rolex16623 already exists.
21:47:03.673 DEBUG Watch rolex118239 already exists.
21:47:03.870 DEBUG Watch rolex69240 already exists.
21:47:04.086 DEBUG Watch rolex79174 already exists.
21:47:04.351 DEBUG Watch rolex79160 already exists.
21:47:04.580 DEBUG Watch rolex1675 already exists.
21:47:04.767 DEBUG Watch rolex268655 already exists.
21:47:04.972 DEBUG Watch rolex16700 already exists.
21:47:05.190 DEBUG Setting new watch rolex16233
21:47:05.330 DEBUG Watch rolex79190 already exists.
21:47:05.526 DEBUG Watch rolex16713 already exists.
21:47:05.736 DEBUG Watch rolex116600 already exists.
21:47:05.939 DEBUG Watch rolex277200 already exists.
21:47:06.124 DEBUG Watch rolex168623 already exists.
21:47:06.325 DEBUG Watch rolex116203 already exists.
21:47:06.544 DEBUG Watch rolex278274 already exists.
21:47:06.721 DEBUG Watch rolex16264 already exists.
21:47:06.934 DEBUG Watch tag_heuercar2a1t-0 already exists.
21:47:07.112 DEBUG Watch tag_heuercar2b11 already exists.
21:47:07.367 DEBUG Watch tag_heuercar2090 already exists.
21:47:07.578 DEBUG Watch tag_heuercar2a1z-0 already exists.
21:47:07.790 DEBUG Watch tag_heuerww2119 already exists.
21:47:07.976 DEBUG Watch tag_heuercaj2110 already exists.
21:47:08.169 DEBUG Watch tag_heuercar2a90 already exists.
21:47:08.406 DEBUG Watch tag_heuercbe2117 already exists.
21:47:08.604 DEBUG Watch tag_heuercay1110 already exists.
21:47:08.789 DEBUG Watch tag_heuercaw211p already exists.
21:47:08.970 DEBUG Watch tag_heuercar2b10 already exists.
21:47:09.151 DEBUG Watch tag_heuercar2a1w-0 already exists.
21:47:09.361 DEBUG Watch tag_heuerway201s-0 already exists.
21:47:09.575 DEBUG Watch tag_heuercav511a already exists.
21:47:09.782 DEBUG Watch tag_heuerwaz211a already exists.
21:47:09.974 DEBUG Watch tag_heuerway201t already exists.
21:47:10.171 DEBUG Watch tag_heuercam2111 already exists.
21:47:10.385 DEBUG Watch tag_heuerwbe5112 already exists.
21:47:10.597 DEBUG Watch tag_heuercar201t already exists.
21:47:10.796 DEBUG Watch tag_heuercy2110 already exists.
21:47:11.044 DEBUG Watch tag_heuercbl2113 already exists.
21:47:11.260 DEBUG Watch tag_heuerwav5112 already exists.
21:47:11.462 DEBUG Watch tag_heuerway201s already exists.
21:47:11.678 DEBUG Watch tag_heuercar201v already exists.
21:47:11.888 DEBUG Watch tag_heuercaw211r already exists.
21:47:12.101 DEBUG Watch tag_heuerwar201e already exists.
21:47:12.321 DEBUG Watch tag_heuercbk221b already exists.
21:47:12.515 DEBUG Watch tag_heuercv201ag already exists.
21:47:12.713 DEBUG Watch tag_heuercv2a10 already exists.
21:47:12.956 DEBUG Watch tag_heuercbn2a1a already exists.
21:47:13.169 DEBUG Watch tag_heuercav511b already exists.
21:47:13.369 DEBUG Watch tag_heuerway211c already exists.
21:47:13.577 DEBUG Watch tag_heuercbk2115 already exists.
21:47:13.782 DEBUG Watch tag_heuercaw2111 already exists.
21:47:13.977 DEBUG Watch tag_heuerwak2180 already exists.
21:47:14.168 DEBUG Watch tag_heuercak2112 already exists.
21:47:14.359 DEBUG Watch tag_heuercar221a already exists.
21:47:14.541 DEBUG Watch tag_heuerwbe5192 already exists.
21:47:14.752 DEBUG Watch tag_heuerway201a already exists.
21:47:14.967 DEBUG Watch tag_heuercbg2a1z already exists.
21:47:15.181 DEBUG Watch tag_heuercar2a12 already exists.
21:47:15.377 DEBUG Watch tag_heuercar2013-4 already exists.
21:47:15.601 DEBUG Watch tag_heuercar208z already exists.
21:47:15.800 DEBUG Watch tag_heuerwau111d already exists.
21:47:16.001 DEBUG Watch tag_heuerway201f already exists.
21:47:16.203 DEBUG Watch tag_heuercas2150 already exists.
21:47:16.398 DEBUG Watch tag_heuercs2111 already exists.
21:47:16.620 DEBUG Watch tag_heuerwbd2112-0 already exists.
21:47:16.832 DEBUG Watch tag_heuercv2a1v already exists.
21:47:17.018 DEBUG Watch tag_heuercw2113-0 already exists.
21:47:17.222 DEBUG Watch tag_heuercaz2011 already exists.
21:47:17.426 DEBUG Watch tag_heuercal2110 already exists.
21:47:17.648 DEBUG Watch tag_heuercay1111 already exists.
21:47:18.233 DEBUG Watch tag_heuerwak2120 already exists.
21:47:18.415 DEBUG Watch tag_heuercaz201a already exists.
21:47:18.616 DEBUG Watch tag_heuercbk221d already exists.
21:47:18.817 DEBUG Watch tag_heuercbl2111 already exists.
21:47:19.011 DEBUG Watch tag_heuercr2080 already exists.
21:47:19.203 DEBUG Watch tag_heuercaw2110 already exists.
21:47:19.416 DEBUG Watch tag_heuercar2112 already exists.
21:47:19.634 DEBUG Watch tag_heuerwbp208c already exists.
21:47:19.846 DEBUG Watch tag_heuercv2a1ab already exists.
21:47:20.049 DEBUG Watch tag_heuercbk2110 already exists.
21:47:20.312 DEBUG Watch tag_heuercar2a1z already exists.
21:47:20.517 DEBUG Watch tag_heuerway2015 already exists.
21:47:20.732 DEBUG Watch tudor79012 already exists.
21:47:20.978 DEBUG Watch tudor79030 already exists.
21:47:21.251 DEBUG Watch tudor79210 already exists.
21:47:21.454 DEBUG Watch tudor79250 already exists.
21:47:21.685 DEBUG Watch tudor79220 already exists.
21:47:21.976 DEBUG Watch tudor79230 already exists.
21:47:22.283 DEBUG Watch tudor76200 already exists.
21:47:22.621 DEBUG Watch tudor79830 already exists.
21:47:22.900 DEBUG Watch tudor56000 already exists.
21:47:23.117 DEBUG Watch tudor70330 already exists.
21:47:23.348 DEBUG Watch tudor25500 already exists.
21:47:23.559 DEBUG Watch tudor79010 already exists.
21:47:23.776 DEBUG Watch tudor79470 already exists.
21:47:23.980 DEBUG Watch tudor79363 already exists.
21:47:24.267 DEBUG Watch tudor79363: max._wrist_size was null. Replaced with 7.5inches
21:47:24.324 DEBUG Watch tudor79350 already exists.
21:47:24.502 DEBUG Watch tudor79540 already exists.
21:47:24.686 DEBUG Watch tudor79733 already exists.
21:47:24.879 DEBUG Watch tudor79910 already exists.
21:47:25.070 DEBUG Watch tudor79833 already exists.
21:47:25.308 DEBUG Watch tudor79833: max._wrist_size was null. Replaced with 6.25inches
21:47:25.369 DEBUG Watch tudor79500 already exists.
21:47:25.567 DEBUG Watch tudor25600 already exists.
21:47:25.794 DEBUG Watch tudor12310 already exists.
21:47:26.011 DEBUG Watch tudor42000 already exists.
21:47:26.254 DEBUG Watch tudor28500 already exists.
21:47:26.438 DEBUG Watch tudor79270p already exists.
21:47:26.624 DEBUG Watch tudor12713 already exists.
21:47:26.840 DEBUG Watch tudor79018 already exists.
21:47:27.065 DEBUG Watch tudor79090 already exists.
21:47:27.254 DEBUG Watch zenith24.2160.4063 already exists.
21:47:27.463 DEBUG Watch zenith96.2260.4061 already exists.
21:47:27.680 DEBUG Watch zenith95.9100.9004 already exists.
21:47:27.913 DEBUG Watch zenith03.2150.400 already exists.
21:47:28.126 DEBUG Watch zenith03.us384.400 already exists.
21:47:28.328 DEBUG Watch zenith95.9000.9004 already exists.
21:47:28.525 DEBUG Watch zenith03.2046.4061 already exists.
21:47:28.718 DEBUG Watch zenith03.3102.3600 already exists.
21:47:28.965 DEBUG Watch zenith65.3101.3600 already exists.
21:47:29.170 DEBUG Watch zenith03.3200.3600 already exists.
21:47:29.418 DEBUG Watch zenith03.2020.670 already exists.
21:47:29.611 DEBUG Watch zenith97.t384.4061 already exists.
21:47:29.815 DEBUG Watch zenith03.2170.4650 already exists.
21:47:29.997 DEBUG Watch zenith03.2091.410 already exists.
21:47:30.214 DEBUG Watch zenith03.3100.3600 already exists.
21:47:30.460 DEBUG Watch zenith03.2120.685 already exists.
21:47:30.653 DEBUG Watch zenith03.9300.3620 already exists.
21:47:30.845 DEBUG Watch zenith03.2400.4046 already exists.
21:47:31.035 DEBUG Watch zenith01.0125.680 already exists.
21:47:31.242 DEBUG Watch zenith11.1943.679 already exists.
21:47:31.422 DEBUG Watch zenith03.2240.4069 already exists.
21:47:31.615 DEBUG Watch zenith03.2060.405 already exists.
21:47:31.812 DEBUG Watch zenith51.2061.405 already exists.
21:47:32.018 DEBUG Watch zenith05.2430.679 already exists.
21:47:32.240 DEBUG Watch zenith49.2520.400 already exists.
21:47:32.423 DEBUG Watch zenith03.2160.4047 already exists.
21:47:32.619 DEBUG Watch ulysse_nardin333-77 already exists.
21:47:32.824 DEBUG Watch ulysse_nardin243-00_43 already exists.
21:47:33.012 DEBUG Watch ulysse_nardin1183-310_42-bq already exists.
21:47:33.209 DEBUG Watch ulysse_nardin8163-175-7mil_93 already exists.
21:47:33.411 DEBUG Watch ulysse_nardin236-68 already exists.
21:47:33.607 DEBUG Watch ulysse_nardin263-33-3_91 already exists.
21:47:33.802 DEBUG Watch ulysse_nardin243-00-3_42 already exists.
21:47:33.996 DEBUG Watch ulysse_nardin263-33_92 already exists.
21:47:34.210 DEBUG Watch ulysse_nardin1506-150_le already exists.
21:47:34.400 DEBUG Watch ulysse_nardin263-55-3 already exists.
21:47:34.633 DEBUG Watch ulysse_nardin1503-150 already exists.
21:47:34.837 DEBUG Watch ulysse_nardin3713-260_black already exists.
21:47:35.031 DEBUG Watch ulysse_nardin263-66 already exists.
21:47:35.225 DEBUG Watch ulysse_nardin203-22-7-52 already exists.
21:47:35.411 DEBUG Watch baume_&_mercier10082 already exists.
21:47:35.635 DEBUG Watch baume_&_mercier10342 already exists.
21:47:35.838 DEBUG Watch baume_&_mercier10484 already exists.
21:47:36.039 DEBUG Watch vacheron_constantin42040_423a-8458 already exists.
21:47:36.232 DEBUG Watch vacheron_constantin4400e_000r-b436 already exists.
21:47:36.426 DEBUG Watch vacheron_constantin7900v_110a-b334 already exists.
21:47:36.609 DEBUG Watch vacheron_constantin4500v_110a-b128 already exists.
21:47:36.802 DEBUG Watch vacheron_constantin49150_b01a-9745 already exists.
21:47:37.006 DEBUG Watch vacheron_constantin25021_000g-9113 already exists.
21:47:37.181 DEBUG Watch vacheron_constantin86020_000g-9508 already exists.
21:47:37.358 DEBUG Watch vacheron_constantin47192_000r-9352 already exists.
21:47:37.551 DEBUG Watch vacheron_constantin4600e_000a-b442 already exists.
21:47:37.745 DEBUG Watch a._lange_&_sohne215.026 already exists.
21:47:37.940 DEBUG Watch a._lange_&_sohne211.032 already exists.
21:47:38.130 DEBUG Watch a._lange_&_sohne402.026 already exists.
21:47:38.335 DEBUG Watch a._lange_&_sohne139.025 already exists.
21:47:38.541 DEBUG Watch a._lange_&_sohne233.032 already exists.
21:47:38.744 DEBUG Watch a._lange_&_sohne115.031 already exists.
21:47:38.948 DEBUG Watch a._lange_&_sohne232.032 already exists.
21:47:39.125 DEBUG Watch a._lange_&_sohne201.027 already exists.
21:47:39.318 DEBUG Watch audemars_piguet26030io.oo.d001in.01 already exists.
21:47:39.504 DEBUG Watch audemars_piguet15720st.oo.a027ca.01 already exists.
21:47:39.705 DEBUG Watch audemars_piguet26331or.oo.d821cr.01 already exists.
21:47:39.902 DEBUG Watch audemars_piguet15500st.oo.1220st.02 already exists.
21:47:40.116 DEBUG Watch audemars_piguet15450st.oo.1256st.03 already exists.
21:47:40.301 DEBUG Watch audemars_piguet15500st.oo.1220st.01 already exists.
21:47:40.492 DEBUG Watch audemars_piguet15450st.oo.1256st.01 already exists.
21:47:40.671 DEBUG Watch audemars_piguet14802st.oo.0944st.01 already exists.
21:47:40.854 DEBUG Watch audemars_piguet25594st.oo.0789st.03 already exists.
21:47:41.037 DEBUG Watch audemars_piguet25730sa.00.0789sa.02 already exists.
21:47:41.239 DEBUG Watch audemars_piguet15400st.oo.1220st.02.a already exists.
21:47:41.418 DEBUG Watch audemars_piguet26401ro.oo.a002ca.01 already exists.
21:47:41.612 DEBUG Watch audemars_piguet26300st.oo.1110st.06 already exists.
21:47:41.808 DEBUG Watch audemars_piguet26176fo.oo.d101cr.02 already exists.
21:47:42.015 DEBUG Watch cartierw69010z4 already exists.
21:47:42.229 DEBUG Watch cartierw51030q3 already exists.
21:47:42.425 DEBUG Watch cartierw62032x6 already exists.
21:47:42.603 DEBUG Watch cartierw5310009 already exists.
21:47:42.806 DEBUG Watch cartierwssa0018 already exists.
21:47:43.020 DEBUG Watch cartierw62019x6 already exists.
21:47:43.229 DEBUG Watch cartierwsta0028 already exists.
21:47:43.431 DEBUG Watch cartierwssa0039 already exists.
21:47:43.627 DEBUG Watch cartierw2sa0006 already exists.
21:47:43.825 DEBUG Watch cartierw20077x7 already exists.
21:47:44.025 DEBUG Watch cartierw6920009 already exists.
21:47:44.209 DEBUG Watch cartierw20025d6 already exists.
21:47:44.405 DEBUG Watch cartierw1529756 already exists.
21:47:44.602 DEBUG Watch cartierw1544956 already exists.
21:47:44.796 DEBUG Watch cartierw2pa0009 already exists.
21:47:44.985 DEBUG Watch cartierwssa0030 already exists.
21:47:45.173 DEBUG Watch cartierw1542751 already exists.
21:47:45.361 DEBUG Watch cartierw62007x6 already exists.
21:47:45.576 DEBUG Watch cartierwsrn0013 already exists.
21:47:45.787 DEBUG Watch cartierw10x1358 already exists.
21:47:45.984 DEBUG Watch cartierw51008q3 already exists.
21:47:46.172 DEBUG Watch cartierw69011z4 already exists.
21:47:46.364 DEBUG Watch cartierw1501756 already exists.
21:47:46.557 DEBUG Watch cartierwspa0018 already exists.
21:47:46.760 DEBUG Watch cartierw7100016 already exists.
21:47:46.964 DEBUG Watch cartierwgsa0027 already exists.
21:47:47.151 DEBUG Watch cartierw6700255 already exists.
21:47:47.356 DEBUG Watch cartierw62001v3 already exists.
21:47:47.560 DEBUG Watch cartierw6920055 already exists.
21:47:47.750 DEBUG Watch cartierw20073x8 already exists.
21:47:47.932 DEBUG Watch cartierw7100015 already exists.
21:47:48.117 DEBUG Watch cartierwsta0055 already exists.
21:47:48.329 DEBUG Watch cartierwsta0054 already exists.
21:47:48.518 DEBUG Watch cartierw2bb0004 already exists.
21:47:48.724 DEBUG Watch cartierwsnm0009 already exists.
21:47:48.917 DEBUG Watch cartierwsta0016 already exists.
21:47:49.104 DEBUG Watch cartierwsca0010 already exists.
21:47:49.317 DEBUG Watch cartierw2cl0004 already exists.
21:47:49.499 DEBUG Watch cartierwe1018s3 already exists.
21:47:49.675 DEBUG Watch cartierw1556203 already exists.
21:47:49.884 DEBUG Watch cartierw50002n2 already exists.
21:47:50.077 DEBUG Watch cartierw20072x7 already exists.
21:47:50.278 DEBUG Watch cartierw51036q4 already exists.
21:47:50.499 DEBUG Watch cartierw7100037 already exists.
21:47:50.696 DEBUG Watch cartierwssa0009 already exists.
21:47:50.892 DEBUG Watch cartierw69008z3 already exists.
21:47:51.091 DEBUG Watch cartierw5310008 already exists.
21:47:51.270 DEBUG Watch cartierwgbb0030 already exists.
21:47:51.447 DEBUG Watch cartierw5330004 already exists.
21:47:51.640 DEBUG Watch cartierw62017v3 already exists.
21:47:51.838 DEBUG Watch cartierw2sa0016 already exists.
21:47:52.061 DEBUG Watch cartierwjbb0019 already exists.
21:47:52.253 DEBUG Watch cartierwe902080 already exists.
21:47:52.443 DEBUG Watch cartierw3pn0007 already exists.
21:47:52.667 DEBUG Watch cartierwe9003z3 already exists.
21:47:52.861 DEBUG Watch cartierw51005q4 already exists.
21:47:53.062 DEBUG Watch cartierw26015k2 already exists.
21:47:53.242 DEBUG Watch cartierw3013756 already exists.
21:47:53.429 DEBUG Watch cartierw6920089 already exists.
21:47:53.641 DEBUG Watch cartierw1018255 already exists.
21:47:53.846 DEBUG Watch cartierwssa0037 already exists.
21:47:54.044 DEBUG Watch cartierw5200014 already exists.
21:47:54.249 DEBUG Watch cartierwsca0011 already exists.
21:47:54.458 DEBUG Watch cartierwssa0032 already exists.
21:47:54.649 DEBUG Watch cartierw31044m7 already exists.
21:47:54.832 DEBUG Watch cartierw1504856 already exists.
21:47:55.025 DEBUG Watch cartierw7100057 already exists.
21:47:55.221 DEBUG Watch cartierw6300255 already exists.
21:47:55.419 DEBUG Watch cartierwgsa0032 already exists.
21:47:55.661 DEBUG Watch cartierwsnm0008 already exists.
21:47:55.864 DEBUG Watch cartierw3107355 already exists.
21:47:56.050 DEBUG Watch cartierw6920086 already exists.
21:47:56.246 DEBUG Watch cartierw20107x7 already exists.
21:47:56.455 DEBUG Watch breitlinga13341 already exists.
21:47:56.658 DEBUG Watch breitlingw71330 already exists.
21:47:56.851 DEBUG Watch breitlinga13380 already exists.
21:47:57.053 DEBUG Watch breitlingv17369 already exists.
21:47:57.266 DEBUG Watch breitlinga13341_steelfish already exists.
21:47:57.515 DEBUG Watch breitlinga13381 already exists.
21:47:57.743 DEBUG Watch breitlingm17368 already exists.
21:47:57.927 DEBUG Watch breitlingab0451 already exists.
21:47:58.145 DEBUG Watch breitlingm13313 already exists.
21:47:58.365 DEBUG Watch breitlinga13340 already exists.
21:47:58.583 DEBUG Watch breitlingm17315 already exists.
21:47:58.769 DEBUG Watch breitlinge79362 already exists.
21:47:58.983 DEBUG Watch breitlinga17360 already exists.
21:47:59.191 DEBUG Watch breitlinga17314 already exists.
21:47:59.499 DEBUG Watch breitlinga17314: max._wrist_size was null. Replaced with 7.5inches
21:47:59.559 DEBUG Watch breitlinga17331 already exists.
21:47:59.769 DEBUG Watch breitlinga17390 already exists.
21:47:59.974 DEBUG Watch breitlingab0144 already exists.
21:48:00.162 DEBUG Watch breitlingab0410 already exists.
21:48:00.352 DEBUG Watch breitlinga13385 already exists.
21:48:00.537 DEBUG Watch breitlinga17350 already exists.
21:48:00.735 DEBUG Watch breitlinga32395 already exists.
21:48:00.963 DEBUG Watch breitlinge79363 already exists.
21:48:01.214 DEBUG Watch breitlinge79363: max._wrist_size was null. Replaced with 7.25inches
21:48:01.275 DEBUG Watch breitlingab0118 already exists.
21:48:01.520 DEBUG Watch breitlinga17364 already exists.
21:48:01.711 DEBUG Watch breitlingxb1210 already exists.
21:48:01.967 DEBUG Watch breitlinga45310 already exists.
21:48:02.180 DEBUG Watch breitlinga13313 already exists.
21:48:02.442 DEBUG Watch breitlinga19310 already exists.
21:48:02.640 DEBUG Watch breitlinga17318 already exists.
21:48:02.970 DEBUG Watch breitlinga17367 already exists.
21:48:03.200 DEBUG Watch breitlinga47362 already exists.
21:48:03.399 DEBUG Watch breitlinga47362: max._wrist_size was null. Replaced with 7.5inches
21:48:03.464 DEBUG Watch breitlinga73388 already exists.
21:48:03.682 DEBUG Watch breitlinga13375 already exists.
21:48:03.885 DEBUG Watch breitlinga17315 already exists.
21:48:04.091 DEBUG Watch breitlinge13383 already exists.
21:48:04.287 DEBUG Watch breitlingv32395 already exists.
21:48:04.497 DEBUG Watch breitlingab0138 already exists.
21:48:04.729 DEBUG Watch breitlinga17365 already exists.
21:48:04.936 DEBUG Watch breitlinga13356 already exists.
21:48:05.140 DEBUG Watch breitlingab0134 already exists.
21:48:05.339 DEBUG Watch breitlingub2010 already exists.
21:48:05.546 DEBUG Watch breitlinga17366 already exists.
21:48:05.763 DEBUG Watch breitlingeb5510 already exists.
21:48:05.963 DEBUG Watch breitlinga17321 already exists.
21:48:06.185 DEBUG Watch breitlingrb0311 already exists.
21:48:06.379 DEBUG Watch breitlingu13313 already exists.
21:48:06.565 DEBUG Watch breitlingab0117 already exists.
21:48:06.761 DEBUG Watch breitlingab2010 already exists.
21:48:06.972 DEBUG Watch breitlingm13320 already exists.
21:48:07.169 DEBUG Watch breitlinga17320 already exists.
21:48:07.377 DEBUG Watch breitlinga68362 already exists.
21:48:07.577 DEBUG Watch breitlingxb0170 already exists.
21:48:07.756 DEBUG Watch breitlingv79363 already exists.
21:48:07.996 DEBUG Watch breitlinga13311 already exists.
21:48:08.228 DEBUG Watch breitlingxb0180 already exists.
21:48:08.419 DEBUG Watch breitlinga13317 already exists.
21:48:08.603 DEBUG Watch breitlingab0123 already exists.
21:48:08.807 DEBUG Watch breitlinga13370 already exists.
21:48:09.044 DEBUG Watch breitlinga17319 already exists.
21:48:09.239 DEBUG Watch breitlinga45330 already exists.
21:48:09.436 DEBUG Watch breitlingab0930 already exists.
21:48:09.620 DEBUG Watch breitlingm73390 already exists.
21:48:09.814 DEBUG Watch breitlingab0611 already exists.
21:48:10.008 DEBUG Watch breitlinga17392 already exists.
21:48:10.216 DEBUG Watch breitlingab0920 already exists.
21:48:10.413 DEBUG Watch breitlinga49350 already exists.
21:48:10.605 DEBUG Watch breitlinga13312 already exists.
21:48:10.840 DEBUG Watch breitlingab2020 already exists.
21:48:11.059 DEBUG Watch breitlingab0136 already exists.
21:48:11.279 DEBUG Watch breitlingm17314 already exists.
21:48:11.457 DEBUG Watch breitlinga73387 already exists.
21:48:11.646 DEBUG Watch breitlinga32390 already exists.
21:48:11.840 DEBUG Watch breitlinga17313 already exists.
21:48:12.032 DEBUG Watch breitlingm17330 already exists.
21:48:12.238 DEBUG Watch breitlinga24322 already exists.
21:48:12.441 DEBUG Watch breitlinga32380 already exists.
21:48:12.634 DEBUG Watch breitlingab0127 already exists.
21:48:12.836 DEBUG Watch breitlingi19320 already exists.
21:48:13.026 DEBUG Watch breitlingab0162 already exists.
21:48:13.207 DEBUG Watch breitlingab0121_airline_capsule_collection already exists.
21:48:13.407 DEBUG Watch breitlingab0910 already exists.
21:48:13.605 DEBUG Watch breitlinga23310 already exists.
21:48:13.819 DEBUG Watch breitlingeb5512 already exists.
21:48:14.016 DEBUG Watch breitlingeb5010 already exists.
21:48:14.200 DEBUG Watch breitlinga13358 already exists.
21:48:14.389 DEBUG Watch breitlinga13324 already exists.
21:48:14.582 DEBUG Watch breitlinga17391 already exists.
21:48:14.771 DEBUG Watch breitlinga17326 already exists.
21:48:14.952 DEBUG Watch breitlingy24310 already exists.
21:48:15.143 DEBUG Watch breitlingm13314 already exists.
21:48:15.327 DEBUG Watch breitlingab0110 already exists.
21:48:15.523 DEBUG Watch breitlingab2030 already exists.
21:48:15.724 DEBUG Watch breitlinga25363 already exists.
21:48:15.912 DEBUG Watch breitlingcb0140 already exists.
21:48:16.111 DEBUG Watch breitlinga13316 already exists.
21:48:16.300 DEBUG Watch breitlingy17393 already exists.
21:48:16.482 DEBUG Watch breitlinga22360 already exists.
21:48:16.673 DEBUG Watch breitlingab0152 already exists.
21:48:16.857 DEBUG Watch breitlinga13320 already exists.
21:48:17.050 DEBUG Watch breitlinga13371 already exists.
21:48:17.252 DEBUG Watch breitlingvb5010 already exists.
21:48:17.467 DEBUG Watch breitlingab0445 already exists.
21:48:17.659 DEBUG Watch breitlingf56062 already exists.
21:48:17.869 DEBUG Watch breitlingx74320 already exists.
21:48:18.082 DEBUG Watch breitlinga78365 already exists.
21:48:18.278 DEBUG Watch breitlinga45320 already exists.
21:48:18.471 DEBUG Watch breitlinga44360 already exists.
21:48:18.669 DEBUG Watch breitlinga17330 already exists.
21:48:18.858 DEBUG Watch breitlinga42362 already exists.
21:48:19.075 DEBUG Watch breitlinga13315 already exists.
21:48:19.274 DEBUG Watch breitlingab3521 already exists.
21:48:19.477 DEBUG Watch breitlinga44359 already exists.
21:48:19.678 DEBUG Watch breitlingm17393 already exists.
21:48:19.876 DEBUG Watch breitlingc13356 already exists.
21:48:20.068 DEBUG Watch breitlingm13380 already exists.
21:48:20.256 DEBUG Watch breitlingu13320 already exists.
21:48:20.470 DEBUG Watch breitlingvb5510 already exists.
21:48:20.672 DEBUG Watch breitlinga17340 already exists.
21:48:20.859 DEBUG Watch breitlinga14360 already exists.
21:48:21.060 DEBUG Watch breitlinga73390 already exists.
21:48:21.267 DEBUG Watch breitlingab0510 already exists.
21:48:21.511 DEBUG Watch breitlingu10380 already exists.
21:48:21.697 DEBUG Watch breitlinga10370 already exists.
21:48:21.907 DEBUG Watch breitlinga44355 already exists.
21:48:22.086 DEBUG Watch breitlingx82310 already exists.
21:48:22.275 DEBUG Watch breitlinga17345 already exists.
21:48:22.492 DEBUG Watch breguet4820st_d2_s76 already exists.
21:48:22.686 DEBUG Watch breguet3810st_92_sz9 already exists.
21:48:22.886 DEBUG Watch breguet3880st_h2_sxo already exists.
21:48:23.080 DEBUG Watch breguet3810ti_h2_3zu already exists.
21:48:23.267 DEBUG Watch breguet7337br_1e_9v6 already exists.
21:48:23.477 DEBUG Watch breguet3817st_x2_3zu already exists.
21:48:23.668 DEBUG Watch breguet7027bb already exists.
21:48:23.854 DEBUG Watch breguet3820st_h2_sw9 already exists.
21:48:24.041 DEBUG Watch breguet5817st_y2_5v8 already exists.
21:48:24.228 DEBUG Watch chopard298600-3002 already exists.
21:48:24.423 DEBUG Watch chopard168459-3041 already exists.
21:48:24.628 DEBUG Watch bulgari102912 already exists.
21:48:24.825 DEBUG Watch blancpain5052-1110-63a already exists.
21:48:25.038 DEBUG Watch blancpain2160-1127-71 already exists.
21:48:25.224 DEBUG Watch blancpain5200-1110-naba already exists.
21:48:25.411 DEBUG Watch blancpain5000-0130-naba already exists.
21:48:25.591 DEBUG Watch blancpain6106-1127-55a already exists.
21:48:25.801 DEBUG Watch blancpain6106-1127-95a already exists.
21:48:25.992 DEBUG Watch blancpain6651-1127-55b already exists.
21:48:26.199 DEBUG Watch blancpain6637-3631-55b already exists.
21:48:26.389 DEBUG Watch blancpain5008-11b30-naba already exists.
21:48:26.581 DEBUG Setting new watch blancpain1185-1127-55
21:48:26.726 DEBUG Watch blancpain1151-1127-55b already exists.
21:48:26.923 DEBUG Watch blancpainac01-1130-63a already exists.
21:48:27.128 DEBUG Watch bell_&_rosscarbon already exists.
21:48:27.313 DEBUG Watch bell_&_rossbr_v2-93 already exists.
21:48:27.499 DEBUG Watch bell_&_rosssport_heritage_gmt_&_flyback already exists.
21:48:27.708 DEBUG Watch bell_&_rossbr05c-bu-st already exists.
21:48:27.913 DEBUG Watch glashutte_original100-14-02-02-04 already exists.
21:48:28.104 DEBUG Watch glashutte_original1-37-01-04-02-35 already exists.
21:48:28.289 DEBUG Watch glashutte_original100-02-25-12-05 already exists.
21:48:28.473 DEBUG Watch glashutte_original1-36-03-01-02-30 already exists.
21:48:28.665 DEBUG Watch glashutte_original1-39-34-03-22-04 already exists.
21:48:28.875 DEBUG Watch glashutte_original1-58-01-05-34-30 already exists.
21:48:29.051 DEBUG Watch glashutte_original1-90-02-43-32-05 already exists.
21:48:29.238 DEBUG Watch glashutte_original1-39-59-01-02-04 already exists.
21:48:29.417 DEBUG Watch glashutte_original39-52-01-01-04 already exists.
21:48:29.611 DEBUG Watch glashutte_original1-39-11-13-83-70 already exists.
21:48:29.800 DEBUG Watch glashutte_original38-42-04-22-04 already exists.
21:48:29.995 DEBUG Watch glashutte_original65-01-01-01-04 already exists.
21:48:30.189 DEBUG Watch glashutte_original1-39-58-01-02-04 already exists.
21:48:30.370 DEBUG Watch glashutte_original39-42-43-03-14 already exists.
21:48:30.557 DEBUG Watch glashutte_original39-47-06-02-04 already exists.
21:48:30.734 DEBUG Watch glashutte_original1-39-52-03-02-04 already exists.
21:48:30.924 DEBUG Watch glashutte_original1-39-52-14-02-04 already exists.
21:48:31.128 DEBUG Watch glashutte_original39-47-01-02-04 already exists.
21:48:31.329 DEBUG Watch glashutte_original90-02-43-32-05 already exists.
21:48:31.546 DEBUG Watch jaeger-lecoultreq1288430 already exists.
21:48:31.808 DEBUG Watch jaeger-lecoultreq7048420 already exists.
21:48:32.037 DEBUG Watch jaeger-lecoultreq1548530 already exists.
21:48:32.270 DEBUG Watch jaeger-lecoultreq4128420 already exists.
21:48:32.452 DEBUG Watch jaeger-lecoultreq2511410 already exists.
21:48:32.669 DEBUG Watch jaeger-lecoultreq2608440 already exists.
21:48:32.868 DEBUG Watch jaeger-lecoultreq193a470 already exists.
21:48:33.083 DEBUG Watch jaeger-lecoultreq1398420 already exists.
21:48:33.300 DEBUG Watch jaeger-lecoultreq1428120 already exists.
21:48:33.523 DEBUG Watch jaeger-lecoultreq3732420 already exists.
21:48:33.732 DEBUG Watch jaeger-lecoultreq1378420 already exists.
21:48:33.951 DEBUG Watch jaeger-lecoultreq3802520 already exists.
21:48:34.150 DEBUG Watch jaeger-lecoultreq1768451 already exists.
21:48:34.332 DEBUG Watch jaeger-lecoultreq9008471 already exists.
21:48:34.533 DEBUG Watch jaeger-lecoultreq9068180 already exists.
21:48:34.744 DEBUG Watch jaeger-lecoultreq3038420 already exists.
21:48:34.960 DEBUG Watch jaeger-lecoultreq3848420 already exists.
21:48:35.189 DEBUG Watch jaeger-lecoultreq2558170 already exists.
21:48:35.424 DEBUG Watch jaeger-lecoultreq1548420 already exists.
21:48:35.624 DEBUG Watch jaeger-lecoultreq701867p already exists.
21:48:35.824 DEBUG Watch jaeger-lecoultreq8018420 already exists.
21:48:36.027 DEBUG Watch jaeger-lecoultreq1368470 already exists.
21:48:36.211 DEBUG Watch jaeger-lecoultreq1288420 already exists.
21:48:36.438 DEBUG Watch jaeger-lecoultreq2068570 already exists.
21:48:36.631 DEBUG Watch jaeger-lecoultreq1408420 already exists.
21:48:36.828 DEBUG Watch jaeger-lecoultreq1428420 already exists.
21:48:37.034 DEBUG Watch jaeger-lecoultreq1358420 already exists.
21:48:37.229 DEBUG Watch jaeger-lecoultreq4138420 already exists.
21:48:37.432 DEBUG Watch jaeger-lecoultreq3748420 already exists.
21:48:37.634 DEBUG Watch jaeger-lecoultreq4018420 already exists.
21:48:37.833 DEBUG Watch jaeger-lecoultreq1302520 already exists.
21:48:38.043 DEBUG Watch jaeger-lecoultreq2618420 already exists.
21:48:38.252 DEBUG Watch jaeger-lecoultreq397846j already exists.
21:48:38.460 DEBUG Watch jaeger-lecoultre145.880.312 already exists.
21:48:38.658 DEBUG Watch jaeger-lecoultreq1352520 already exists.
21:48:38.872 DEBUG Watch jaeger-lecoultreq2608530 already exists.
21:48:39.092 DEBUG Watch jaeger-lecoultreq1628120 already exists.
21:48:39.300 DEBUG Watch jaeger-lecoultreq2618130 already exists.
21:48:39.496 DEBUG Setting new watch jaeger-lecoultreq1428470
21:48:39.641 DEBUG Watch jaeger-lecoultreq3832420 already exists.
21:48:39.826 DEBUG Watch jaeger-lecoultreq3858522 already exists.
21:48:40.020 DEBUG Watch jaeger-lecoultreq3268520 already exists.
21:48:40.221 DEBUG Watch omega215.30.44.22.01.001 already exists.
21:48:40.477 DEBUG Watch omega3570.50.00 already exists.
21:48:40.706 DEBUG Watch omega220.12.41.21.03.001 already exists.
21:48:41.117 DEBUG Watch omega212.30.41.20.03.001 already exists.
21:48:41.333 DEBUG Watch omega231.13.44.52.06.001 already exists.
21:48:41.536 DEBUG Watch omega215.32.44.21.01.001 already exists.
21:48:41.758 DEBUG Watch omega310.30.42.50.01.001 already exists.
21:48:41.964 DEBUG Watch omega2252.50.00 already exists.
21:48:42.164 DEBUG Watch omega2551.80.00 already exists.
21:48:42.418 DEBUG Watch omega232.30.46.51.01.001 already exists.
21:48:42.618 DEBUG Watch omega327.20.43.50.01.001 already exists.
21:48:42.817 DEBUG Watch omega220.10.41.21.03.002 already exists.
21:48:43.030 DEBUG Watch omega233.32.41.21.01.001 already exists.
21:48:43.295 DEBUG Watch omega522.30.42.20.04.001 already exists.
21:48:43.539 DEBUG Watch omega232.32.42.21.01.005 already exists.
21:48:43.738 DEBUG Watch omega3210.52.00 already exists.
21:48:43.926 DEBUG Watch omega210.22.42.20.01.002 already exists.
21:48:44.125 DEBUG Watch omega3594.50.00 already exists.
21:48:44.340 DEBUG Watch omega326.30.40.50.03.001 already exists.
21:48:44.571 DEBUG Watch omega326.30.40.50.03.001: max._wrist_size was null. Replaced with 7.75inches
21:48:44.630 DEBUG Watch omega321.30.44.52.01.001 already exists.
21:48:44.819 DEBUG Watch omega2265.80.00 already exists.
21:48:45.041 DEBUG Watch omega231.10.34.20.01.001 already exists.
21:48:45.240 DEBUG Watch omega220.12.41.21.03.002 already exists.
21:48:45.436 DEBUG Watch omega232.90.46.51.03.001 already exists.
21:48:45.626 DEBUG Watch omega232.92.38.20.03.001 already exists.
21:48:45.831 DEBUG Watch omega304.30.44.52.01.001 already exists.
21:48:46.081 DEBUG Watch omega2255.80.00 already exists.
21:48:46.290 DEBUG Watch omega210.32.42.20.06.001 already exists.
21:48:46.512 DEBUG Watch omega210.32.42.20.01.001 already exists.
21:48:46.740 DEBUG Watch omega232.30.44.22.03.001 already exists.
21:48:46.959 DEBUG Watch omega431.13.42.51.01.001 already exists.
21:48:47.170 DEBUG Watch omega311.93.44.51.99.001 already exists.
21:48:47.422 DEBUG Watch omega2221.80.00 already exists.
21:48:47.614 DEBUG Watch omega310.60.42.50.02.001 already exists.
21:48:47.799 DEBUG Watch omega231.12.42.21.01.001 already exists.
21:48:48.048 DEBUG Watch omega2220.80.00 already exists.
21:48:48.272 DEBUG Watch omega212.30.41.61.01.001 already exists.
21:48:48.486 DEBUG Watch omega210.92.42.20.01.001 already exists.
21:48:48.707 DEBUG Watch omega2502.50.00 already exists.
21:48:48.919 DEBUG Watch omega231.10.39.60.02.001 already exists.
21:48:49.131 DEBUG Watch omega3523.30.00 already exists.
21:48:49.371 DEBUG Watch omega311.30.42.30.01.006 already exists.
21:48:49.580 DEBUG Watch omega311.33.42.30.01.001 already exists.
21:48:49.820 DEBUG Watch omega215.30.46.51.01.002 already exists.
21:48:50.026 DEBUG Watch omega311.92.44.51.01.006 already exists.
21:48:50.349 DEBUG Watch omega3210.51.00 already exists.
21:48:50.629 DEBUG Watch omega327.10.43.50.06.001 already exists.
21:48:50.901 DEBUG Watch omega220.22.41.21.03.001 already exists.
21:48:51.111 DEBUG Watch omega511.13.40.20.02.002 already exists.
21:48:51.312 DEBUG Watch omega130.30.39.21.03.001 already exists.
21:48:51.608 DEBUG Watch omega3210.50.00 already exists.
21:48:51.899 DEBUG Watch omega234.32.41.21.01.001 already exists.
21:48:52.125 DEBUG Watch omega210.30.42.20.01.001 already exists.
21:48:52.349 DEBUG Watch omega304.33.44.52.03.001 already exists.
21:48:52.590 DEBUG Watch omega324.30.38.50.01.001 already exists.
21:48:52.799 DEBUG Watch omega329.30.43.51.02.001 already exists.
21:48:53.009 DEBUG Watch omega234.92.41.21.10.001 already exists.
21:48:53.238 DEBUG Watch omega231.10.42.21.01.004 already exists.
21:48:53.458 DEBUG Watch omega424.53.40.20.02.001 already exists.
21:48:53.682 DEBUG Watch omega231.10.44.50.04.001 already exists.
21:48:53.880 DEBUG Watch omega522.10.41.21.04.001 already exists.
21:48:54.081 DEBUG Watch omega232.30.42.21.01.004 already exists.
21:48:54.296 DEBUG Watch omega326.30.40.50.01.002 already exists.
21:48:54.531 DEBUG Watch omega210.30.42.20.03.001 already exists.
21:48:54.776 DEBUG Watch omega215.33.44.21.03.001 already exists.
21:48:55.034 DEBUG Watch omega215.30.40.20.01.001 already exists.
21:48:55.253 DEBUG Watch omega232.92.42.21.03.001 already exists.
21:48:55.465 DEBUG Watch omega310.60.42.50.01.001 already exists.
21:48:55.677 DEBUG Watch omega222.32.38.50.01.003 already exists.
21:48:55.885 DEBUG Watch omega220.10.41.21.01.001 already exists.
21:48:56.090 DEBUG Watch omega310.32.42.50.01.002 already exists.
21:48:56.293 DEBUG Watch omega311.30.42.30.01.003 already exists.
21:48:56.488 DEBUG Watch omega2537.80.00 already exists.
21:48:56.691 DEBUG Watch omega3520.50.00 already exists.
21:48:56.902 DEBUG Watch omega326.30.40.50.02.001 already exists.
21:48:57.109 DEBUG Watch omega3220.50.00 already exists.
21:48:57.316 DEBUG Watch omega227.90.55.21.04.001 already exists.
21:48:57.546 DEBUG Watch omega145.022 already exists.
21:48:57.733 DEBUG Watch omega213.30.42.40.01.001 already exists.
21:48:57.926 DEBUG Watch omega310.30.42.50.01.002 already exists.
21:48:58.133 DEBUG Watch omega311.30.42.30.01.005 already exists.
21:48:58.380 DEBUG Watch omega234.30.41.21.03.001 already exists.
21:48:58.592 DEBUG Watch omega130.30.39.21.02.001 already exists.
21:48:58.802 DEBUG Watch omega424.13.40.21.02.001 already exists.
21:48:59.024 DEBUG Watch omega2561.80.00 already exists.
21:48:59.250 DEBUG Watch omega232.30.46.51.01.002 already exists.
21:48:59.476 DEBUG Watch omega3573.50.00 already exists.
21:48:59.667 DEBUG Watch omega210.32.42.20.03.001 already exists.
21:48:59.861 DEBUG Watch omega123.10.38.22.01.001 already exists.
21:49:00.055 DEBUG Watch omega2594.52.00 already exists.
21:49:00.262 DEBUG Watch omega424.13.40.20.01.001 already exists.
21:49:00.453 DEBUG Watch omega215.20.46.51.03.001 already exists.
21:49:00.656 DEBUG Watch omega3523.80.00 already exists.
21:49:00.881 DEBUG Watch omega311.32.40.30.01.001 already exists.
21:49:01.090 DEBUG Watch omega311.90.44.51.03.001 already exists.
21:49:01.316 DEBUG Watch omega220.10.40.20.03.001 already exists.
21:49:01.494 DEBUG Watch omega2541.80.00 already exists.
21:49:01.680 DEBUG Watch omega232.30.46.21.01.003 already exists.
21:49:01.874 DEBUG Watch omega210.22.42.20.03.001 already exists.
21:49:02.084 DEBUG Watch omega310.32.42.50.01.001 already exists.
21:49:02.313 DEBUG Watch omega2552.20.00 already exists.
21:49:02.542 DEBUG Watch omega212.30.44.50.01.001 already exists.
21:49:02.764 DEBUG Watch omega210.30.42.20.06.001 already exists.
21:49:03.011 DEBUG Watch omega311.92.44.51.01.003 already exists.
21:49:03.252 DEBUG Watch omega210.22.42.20.03.002 already exists.
21:49:03.459 DEBUG Watch omega233.90.41.21.03.001 already exists.
21:49:03.686 DEBUG Watch omega2542.80.00 already exists.
21:49:03.916 DEBUG Watch omega311.32.40.30.06.001 already exists.
21:49:04.141 DEBUG Watch omega2201.50.00 already exists.
21:49:04.385 DEBUG Watch omega321.10.42.50.01.001 already exists.
21:49:04.612 DEBUG Watch omega2251.80.00 already exists.
21:49:04.811 DEBUG Watch omega2201.51.00 already exists.
21:49:05.042 DEBUG Watch omega522.30.42.30.03.001 already exists.
21:49:05.306 DEBUG Watch omega210.22.42.20.01.004 already exists.
21:49:05.542 DEBUG Watch omega210.90.42.20.01.001 already exists.
21:49:05.745 DEBUG Watch omega215.33.46.51.01.001 already exists.
21:49:05.947 DEBUG Watch omega311.33.42.50.01.001 already exists.
21:49:06.188 DEBUG Watch omega329.30.44.51.04.001 already exists.
21:49:06.384 DEBUG Watch omega215.92.46.22.01.003 already exists.
21:49:06.604 DEBUG Watch omega215.30.46.51.03.001 already exists.
21:49:06.818 DEBUG Watch omega3576.50.00 already exists.
21:49:07.242 DEBUG Watch omega3513.30.00 already exists.
21:49:07.475 DEBUG Watch omega2901.51.82 already exists.
21:49:07.707 DEBUG Watch omega324.30.38.40.06.001 already exists.
21:49:07.906 DEBUG Watch omega3517.30.00 already exists.
21:49:08.130 DEBUG Watch omega331.10.42.51.01.002 already exists.
21:49:08.364 DEBUG Watch omega233.30.41.21.01.001 already exists.
21:49:08.597 DEBUG Watch omega220.10.40.20.06.001 already exists.
21:49:08.806 DEBUG Watch omega3623.33.21 already exists.
21:49:09.027 DEBUG Watch omega3560.50.00 already exists.
21:49:09.253 DEBUG Watch omega210.32.42.20.04.001 already exists.
21:49:09.515 DEBUG Watch omega3572.50.00 already exists.
21:49:09.693 DEBUG Watch omega310.20.42.50.01.001 already exists.
21:49:10.147 DEBUG Watch omega3510.80.00 already exists.
21:49:10.356 DEBUG Watch omega231.10.42.21.03.001 already exists.
21:49:10.550 DEBUG Watch omega522.30.42.30.04.001 already exists.
21:49:10.738 DEBUG Watch omega212.30.44.50.03.001 already exists.
21:49:10.933 DEBUG Watch omega3513.54.00 already exists.
21:49:11.113 DEBUG Watch omega215.90.44.21.99.001 already exists.
21:49:11.302 DEBUG Watch omega212.92.44.50.99.001 already exists.
21:49:11.501 DEBUG Watch omega215.30.46.51.01.001 already exists.
21:49:11.680 DEBUG Watch omega326.32.40.50.06.001 already exists.
21:49:11.941 DEBUG Watch omega2254.50.00 already exists.
21:49:12.262 DEBUG Watch omega215.92.46.22.01.001 already exists.
21:49:12.516 DEBUG Watch omega329.33.44.51.04.001 already exists.
21:49:12.730 DEBUG Watch omega220.12.43.22.03.001 already exists.
21:49:12.965 DEBUG Watch omega210.30.42.20.04.001 already exists.
21:49:13.230 DEBUG Watch omega212.30.41.20.04.001 already exists.
21:49:13.424 DEBUG Watch omega522.12.41.21.03.001 already exists.
21:49:13.621 DEBUG Watch omega329.32.44.51.06.001 already exists.
21:49:13.832 DEBUG Watch omega220.10.38.20.01.001 already exists.
21:49:14.054 DEBUG Watch omega2231.80.00 already exists.
21:49:14.263 DEBUG Watch omega212.30.36.20.01.002 already exists.
21:49:14.501 DEBUG Watch omega234.30.41.21.01.001 already exists.
21:49:14.702 DEBUG Watch omega231.92.39.21.04.001 already exists.
21:49:14.907 DEBUG Watch omega326.30.40.50.04.001 already exists.
21:49:15.133 DEBUG Watch omega326.32.40.50.02.001 already exists.
21:49:15.317 DEBUG Watch omega3597.06.00 already exists.
21:49:15.522 DEBUG Watch omega2209.50.00 already exists.
21:49:15.799 DEBUG Watch omega331.10.42.51.01.001 already exists.
21:49:16.032 DEBUG Watch omega326.30.40.50.01.001 already exists.
21:49:16.261 DEBUG Watch omega522.20.42.30.01.001 already exists.
21:49:16.458 DEBUG Watch omega232.32.46.21.01.005 already exists.
21:49:16.668 DEBUG Watch omega215.30.44.21.03.001 already exists.
21:49:16.886 DEBUG Watch omega522.30.42.30.06.001 already exists.
21:49:17.099 DEBUG Watch omega424.10.37.20.03.002 already exists.
21:49:17.317 DEBUG Watch omega212.30.41.20.01.003 already exists.
21:49:17.550 DEBUG Watch omega3578.51.00 already exists.
21:49:17.798 DEBUG Watch omega232.30.38.20.01.001 already exists.
21:49:18.010 DEBUG Watch omega210.30.44.51.03.002 already exists.
21:49:18.234 DEBUG Watch omega220.10.41.21.06.001 already exists.
21:49:18.467 DEBUG Watch omega311.30.42.30.01.004 already exists.
21:49:18.666 DEBUG Watch omega311.92.44.51.01.007 already exists.
21:49:18.852 DEBUG Watch omega215.30.44.21.01.002 already exists.
21:49:19.068 DEBUG Watch omega318.90.45.79.01.001 already exists.
21:49:19.302 DEBUG Watch omega311.33.44.51.01.001 already exists.
21:49:19.525 DEBUG Watch omega231.10.43.52.06.001 already exists.
21:49:19.754 DEBUG Watch omega310.32.42.50.02.001 already exists.
21:49:19.977 DEBUG Watch omega413.15.27.60.05.001 already exists.
21:49:20.194 DEBUG Watch omega311.33.40.30.02.001 already exists.
21:49:20.402 DEBUG Watch omega131.10.29.20.52.001 already exists.
21:49:20.589 DEBUG Watch omega2223.80.00 already exists.
21:49:20.790 DEBUG Watch omega220.10.40.20.01.001 already exists.
21:49:20.995 DEBUG Watch omega424.10.40.20.02.005 already exists.
21:49:21.193 DEBUG Watch omega2224.80.00 already exists.
21:49:21.395 DEBUG Watch omega212.30.36.20.03.001 already exists.
21:49:21.630 DEBUG Watch omega2517.30.00 already exists.
21:49:21.861 DEBUG Watch omega3582.31.00 already exists.
21:49:22.071 DEBUG Watch omega212.30.36.20.04.001 already exists.
21:49:22.282 DEBUG Watch omega231.92.43.22.04.001 already exists.
21:49:22.476 DEBUG Watch omega231.13.43.52.06.001 already exists.
21:49:22.681 DEBUG Watch omega331.10.42.51.03.001 already exists.
21:49:22.895 DEBUG Watch omega220.12.40.20.01.001 already exists.
21:49:23.128 DEBUG Watch omega522.32.44.21.03.001 already exists.
21:49:23.339 DEBUG Watch omega130.20.39.21.03.001 already exists.
21:49:23.546 DEBUG Watch omega212.30.36.20.51.001 already exists.
21:49:23.762 DEBUG Watch omega210.20.42.20.03.001 already exists.
21:49:23.966 DEBUG Watch omega215.30.40.20.03.001 already exists.
21:49:24.203 DEBUG Watch omega2210.50.00 already exists.
21:49:24.411 DEBUG Watch omega215.33.40.20.03.001 already exists.
21:49:24.615 DEBUG Watch omega311.30.42.30.99.002 already exists.
21:49:24.873 DEBUG Watch omega210.30.44.51.06.001 already exists.
21:49:25.064 DEBUG Watch omega304.33.44.52.01.001 already exists.
21:49:25.282 DEBUG Watch omega3221.30.00 already exists.
21:49:25.485 DEBUG Watch omega231.20.43.22.06.002 already exists.
21:49:25.680 DEBUG Watch omega212.30.36.20.01.001 already exists.
21:49:25.887 DEBUG Watch omega231.53.49.10.04.001 already exists.
21:49:26.109 DEBUG Watch omega2264.50.00 already exists.
21:49:26.301 DEBUG Watch omega2332.80.00 already exists.
21:49:26.492 DEBUG Watch omega433.10.41.22.02.001 already exists.
21:49:26.695 DEBUG Watch omega232.32.46.21.01.001 already exists.
21:49:26.884 DEBUG Watch omega2562.80.00 already exists.
21:49:27.088 DEBUG Watch omega329.32.44.51.01.001 already exists.
21:49:27.292 DEBUG Watch omega131.10.28.60.06.001 already exists.
21:49:27.490 DEBUG Watch omega234.10.39.20.01.001 already exists.
21:49:27.744 DEBUG Watch omega311.92.44.30.01.001 already exists.
21:49:27.961 DEBUG Watch omega222.30.46.20.01.001 already exists.
21:49:28.157 DEBUG Watch omega231.10.44.50.06.001 already exists.
21:49:28.345 DEBUG Watch omega231.10.42.21.01.002 already exists.
21:49:28.550 DEBUG Watch omega2512.30.00 already exists.
21:49:28.771 DEBUG Watch omega232.90.46.21.03.001 already exists.
21:49:29.022 DEBUG Watch omega522.33.40.20.04.001 already exists.
21:49:29.442 DEBUG Watch omega231.10.43.22.02.001 already exists.
21:49:29.656 DEBUG Watch omega231.10.44.50.09.001 already exists.
21:49:29.878 DEBUG Watch omega231.10.42.21.02.001 already exists.
21:49:30.105 DEBUG Watch omega511.13.38.20.02.001 already exists.
21:49:30.300 DEBUG Watch omega331.10.42.51.02.002 already exists.
21:49:30.490 DEBUG Watch omega232.32.46.21.01.003 already exists.
21:49:30.709 DEBUG Watch omega326.30.40.50.11.001 already exists.
21:49:30.923 DEBUG Watch omega210.30.44.51.03.001 already exists.
21:49:31.122 DEBUG Watch omega215.92.46.51.01.002 already exists.
21:49:31.322 DEBUG Watch omega212.32.44.50.01.001 already exists.
21:49:31.515 DEBUG Watch omega311.93.44.51.99.002 already exists.
21:49:31.740 DEBUG Watch omega3290.50.00 already exists.
21:49:31.974 DEBUG Watch omega311.33.42.30.01.002 already exists.
21:49:32.173 DEBUG Watch omega231.10.39.22.01.001 already exists.
21:49:32.366 DEBUG Watch omega231.10.43.22.06.001 already exists.
21:49:32.580 DEBUG Watch omega231.10.44.50.01.001 already exists.
21:49:32.808 DEBUG Watch omega231.10.39.21.03.001 already exists.
21:49:33.053 DEBUG Watch omega232.90.42.21.03.001 already exists.
21:49:33.273 DEBUG Watch omega233.22.41.21.01.002 already exists.
21:49:33.482 DEBUG Watch omega232.30.38.20.01.002 already exists.
21:49:33.696 DEBUG Watch omega215.92.46.22.01.002 already exists.
21:49:33.909 DEBUG Watch omega215.30.44.21.01.001 already exists.
21:49:34.133 DEBUG Watch omega3581.50.00 already exists.
21:49:34.323 DEBUG Watch omega2200.51.00 already exists.
21:49:34.516 DEBUG Watch omega231.10.39.60.06.001 already exists.
21:49:34.747 DEBUG Watch omega232.33.38.20.01.002 already exists.
21:49:34.966 DEBUG Watch omega231.10.42.21.03.004 already exists.
21:49:35.182 DEBUG Watch omega3539.50.00 already exists.
21:49:35.381 DEBUG Watch omega3513.20.00 already exists.
21:49:35.593 DEBUG Watch omega220.10.38.20.03.001 already exists.
21:49:35.808 DEBUG Watch omega2534.50.00 already exists.
21:49:36.008 DEBUG Watch omega123.20.27.60.05.004 already exists.
21:49:36.197 DEBUG Watch omega3511.20.00 already exists.
21:49:36.378 DEBUG Watch omega215.32.43.21.04.001 already exists.
21:49:36.577 DEBUG Watch grand_seikosbge001 already exists.
21:49:36.802 DEBUG Watch grand_seikosbgm239 already exists.
21:49:37.039 DEBUG Watch grand_seikosbgr305 already exists.
21:49:37.251 DEBUG Watch grand_seikosbgp015 already exists.
21:49:37.472 DEBUG Watch grand_seikosbgk005 already exists.
21:49:37.680 DEBUG Watch grand_seikosbgw231 already exists.
21:49:37.873 DEBUG Watch grand_seikosbge263 already exists.
21:49:38.061 DEBUG Watch grand_seikosbgj255 already exists.
21:49:38.266 DEBUG Watch grand_seikosbgk007 already exists.
21:49:38.475 DEBUG Watch grand_seikosbgh295 already exists.
21:49:38.725 DEBUG Watch grand_seikosbgn003 already exists.
21:49:38.949 DEBUG Watch grand_seikosbgn003: max._wrist_size was null. Replaced with 7.5inches
21:49:39.008 DEBUG Watch grand_seikosbga299 already exists.
21:49:39.227 DEBUG Watch grand_seikosbgx339 already exists.
21:49:39.470 DEBUG Watch grand_seikostgf267 already exists.
21:49:39.655 DEBUG Watch grand_seikosbgr057 already exists.
21:49:39.843 DEBUG Watch grand_seikosbga027 already exists.
21:49:40.074 DEBUG Watch grand_seikosbga375 already exists.
21:49:40.370 DEBUG Watch grand_seikosbgr077 already exists.
21:49:40.573 DEBUG Watch grand_seikosbga281 already exists.
21:49:40.777 DEBUG Watch grand_seikosbgn013 already exists.
21:49:41.006 DEBUG Watch grand_seikosbga439 already exists.
21:49:41.228 DEBUG Watch grand_seikosbgn005 already exists.
21:49:41.454 DEBUG Watch grand_seikosbga401 already exists.
21:49:41.637 DEBUG Watch grand_seikosbga421 already exists.
21:49:41.854 DEBUG Watch grand_seikosbga427 already exists.
21:49:42.073 DEBUG Watch grand_seikosbga349 already exists.
21:49:42.286 DEBUG Watch grand_seikosbga279 already exists.
21:49:42.489 DEBUG Watch grand_seikosbga373 already exists.
21:49:42.697 DEBUG Watch grand_seikosbga227 already exists.
21:49:42.893 DEBUG Watch grand_seikosbga005 already exists.
21:49:43.099 DEBUG Watch grand_seikosbga201 already exists.
21:49:43.343 DEBUG Watch grand_seikosbga415 already exists.
21:49:43.543 DEBUG Watch grand_seikosbgw253 already exists.
21:49:43.750 DEBUG Watch grand_seikosbgm235 already exists.
21:49:44.000 DEBUG Watch grand_seikosbgw251 already exists.
21:49:44.214 DEBUG Watch grand_seikosbgw273 already exists.
21:49:44.439 DEBUG Watch grand_seikosbgr269 already exists.
21:49:44.663 DEBUG Watch grand_seikosbgr309 already exists.
21:49:44.868 DEBUG Watch grand_seikosbge271 already exists.
21:49:45.083 DEBUG Watch grand_seikosbgm029 already exists.
21:49:45.293 DEBUG Watch grand_seikosbgh245 already exists.
21:49:45.484 DEBUG Watch grand_seikosbgj229 already exists.
21:49:45.670 DEBUG Watch grand_seikosbgp007 already exists.
21:49:45.891 DEBUG Watch grand_seikosbge025 already exists.
21:49:46.089 DEBUG Watch grand_seikosbgr317 already exists.
21:49:46.291 DEBUG Watch grand_seikosbgw275 already exists.
21:49:46.492 DEBUG Watch grand_seikosbge201 already exists.
21:49:46.704 DEBUG Watch grand_seikosbgx347 already exists.
21:49:46.923 DEBUG Watch grand_seikosbgy007 already exists.
21:49:47.125 DEBUG Watch grand_seikosbgh271 already exists.
21:49:47.327 DEBUG Watch grand_seikosbge225 already exists.
21:49:47.514 DEBUG Watch grand_seikosbga429 already exists.
21:49:47.766 DEBUG Watch grand_seikosbgh267 already exists.
21:49:47.989 DEBUG Watch grand_seikosbgn023 already exists.
21:49:48.204 DEBUG Watch grand_seikosbgj227 already exists.
21:49:48.433 DEBUG Watch grand_seikosbgv207 already exists.
21:49:48.641 DEBUG Watch grand_seikosbge213 already exists.
21:49:48.848 DEBUG Watch grand_seikosbga403 already exists.
21:49:49.059 DEBUG Watch grand_seikosbgj251 already exists.
21:49:49.257 DEBUG Watch grand_seikosbga229 already exists.
21:49:49.445 DEBUG Watch grand_seikosbga447 already exists.
21:49:49.646 DEBUG Watch grand_seikosbga283 already exists.
21:49:49.872 DEBUG Watch grand_seikosbgm221 already exists.
21:49:50.160 DEBUG Watch grand_seikosbgh269 already exists.
21:49:50.357 DEBUG Watch grand_seikosbge211 already exists.
21:49:50.587 DEBUG Watch grand_seikosbgn007 already exists.
21:49:50.808 DEBUG Watch grand_seikosbgh273 already exists.
21:49:51.031 DEBUG Watch grand_seikosbga211 already exists.
21:49:51.232 DEBUG Watch grand_seikoslga009 already exists.
21:49:51.418 DEBUG Watch grand_seikosbgj237 already exists.
21:49:51.606 DEBUG Watch grand_seikosbgr307 already exists.
21:49:51.807 DEBUG Watch grand_seikosbgx261 already exists.
21:49:52.016 DEBUG Watch grand_seikosbgp003 already exists.
21:49:52.207 DEBUG Watch iwciw3950-03 already exists.
21:49:52.454 DEBUG Watch iwciw5001-07 already exists.
21:49:52.691 DEBUG Watch iwciw3783-03 already exists.
21:49:52.914 DEBUG Watch iwciw5009-16 already exists.
21:49:53.095 DEBUG Watch iwciw5102-02 already exists.
21:49:53.296 DEBUG Watch iwciw3247-03 already exists.
21:49:53.515 DEBUG Watch iwciw3568-06 already exists.
21:49:53.732 DEBUG Watch iwciw3879-02 already exists.
21:49:53.973 DEBUG Watch iwciw3265-01 already exists.
21:49:54.186 DEBUG Watch iwciw5019-02 already exists.
21:49:54.383 DEBUG Watch iwciw3891-07 already exists.
21:49:54.583 DEBUG Watch iwciw5035-02 already exists.
21:49:54.783 DEBUG Watch iwciw3583-05 already exists.
21:49:54.977 DEBUG Watch iwciw3714-46 already exists.
21:49:55.162 DEBUG Watch iwciw3955-01 already exists.
21:49:55.378 DEBUG Watch iwciw3270-10 already exists.
21:49:55.601 DEBUG Watch iwciw4590-02 already exists.
21:49:55.816 DEBUG Watch iwciw5009-12 already exists.
21:49:56.032 DEBUG Watch iwciw3718-06 already exists.
21:49:56.229 DEBUG Watch iwciw3716-02 already exists.
21:49:56.421 DEBUG Watch iwciw3777-01 already exists.
21:49:56.626 DEBUG Watch iwciw3290-05 already exists.
21:49:56.819 DEBUG Watch iwciw3903-03 already exists.
21:49:57.059 DEBUG Watch iwciw3777-14 already exists.
21:49:57.315 DEBUG Watch iwciw3879-01 already exists.
21:49:57.540 DEBUG Watch iwciw5009-06 already exists.
21:49:57.735 DEBUG Watch iwciw3761-02 already exists.
21:49:57.943 DEBUG Watch iwciw3270-11 already exists.
21:49:58.143 DEBUG Watch iwciw3879-05 already exists.
21:49:58.359 DEBUG Watch iwciw5001-01 already exists.
21:49:58.560 DEBUG Watch iwciw5101-03 already exists.
21:49:58.767 DEBUG Watch iwciw4594-01 already exists.
21:49:58.963 DEBUG Watch iwciw3903-01 already exists.
21:49:59.191 DEBUG Watch iwciw3290-01 already exists.
21:49:59.403 DEBUG Watch iwciw3807-01 already exists.
21:49:59.630 DEBUG Watch iwciw3910-36 already exists.
21:49:59.841 DEBUG Watch iwciw5010-04 already exists.
21:50:00.041 DEBUG Watch iwciw3239-09 already exists.
21:50:00.269 DEBUG Watch iwciw3881-01 already exists.
21:50:00.466 DEBUG Watch iwciw3777-17 already exists.
21:50:00.650 DEBUG Watch iwciw3785-08 already exists.
21:50:00.843 DEBUG Watch iwciw3538-04 already exists.
21:50:01.065 DEBUG Watch iwciw3583-04 already exists.
21:50:01.266 DEBUG Watch iwciw3891-05 already exists.
21:50:01.455 DEBUG Watch iwciw3767-05 already exists.
21:50:01.662 DEBUG Watch iwciw3239-02 already exists.
21:50:01.876 DEBUG Watch iwciw3268-03 already exists.
21:50:02.086 DEBUG Watch iwciw3714-47 already exists.
21:50:02.282 DEBUG Watch iwciw3714-17 already exists.
21:50:02.474 DEBUG Watch iwciw3290-02 already exists.
21:50:02.666 DEBUG Watch iwciw3778-01 already exists.
21:50:02.872 DEBUG Watch iwciw3718-07 already exists.
21:50:03.080 DEBUG Watch iwciw3768-05 already exists.
21:50:03.282 DEBUG Watch iwciw5001-17 already exists.
21:50:03.488 DEBUG Watch iwciw5005-01 already exists.
21:50:03.698 DEBUG Watch iwciw3570-01 already exists.
21:50:03.907 DEBUG Watch iwciw3718-08 already exists.
21:50:04.111 DEBUG Watch iwciw5038-01 already exists.
21:50:04.295 DEBUG Watch iwciw5010-02 already exists.
21:50:04.491 DEBUG Watch iwciw3270-09 already exists.
21:50:04.712 DEBUG Watch iwciw4581-05 already exists.
21:50:04.923 DEBUG Watch iwciw3716-01 already exists.
21:50:05.134 DEBUG Watch iwciw3910-10 already exists.
21:50:05.332 DEBUG Watch iwciw5001-09 already exists.
21:50:05.540 DEBUG Watch iwciw3233-11 already exists.
21:50:05.746 DEBUG Watch iwciw3270-01 already exists.
21:50:05.956 DEBUG Watch iwciw3268-02 already exists.
21:50:06.142 DEBUG Watch iwciw5102-04 already exists.
21:50:06.325 DEBUG Watch iwciw3565-05 already exists.
21:50:06.520 DEBUG Watch iwciw3255-02 already exists.
21:50:06.763 DEBUG Watch iwciw3910-07 already exists.
21:50:06.988 DEBUG Watch iwciw3270-06 already exists.
21:50:07.201 DEBUG Watch iwciw5007-04 already exists.
21:50:07.473 DEBUG Watch iwciw3809-01 already exists.
21:50:07.677 DEBUG Watch iwciw5027-02 already exists.
21:50:07.881 DEBUG Watch iwciw4593-06 already exists.
21:50:08.071 DEBUG Watch iwciw3934-02 already exists.
21:50:08.252 DEBUG Watch hublot311.qx.1124.rx already exists.
21:50:08.450 DEBUG Watch hublot581.nx.2611.rx already exists.
21:50:08.657 DEBUG Watch hublot311.sx.1170.rx already exists.
21:50:08.867 DEBUG Watch hublot525.nx.0170.lr already exists.
21:50:09.087 DEBUG Watch hublot515.cs.1270.vr already exists.
21:50:09.279 DEBUG Watch hublot581.nx.1171.rx already exists.
21:50:09.493 DEBUG Watch hublot301.ci.8810.nr already exists.
21:50:09.702 DEBUG Watch hublot301.qx.1740.gr already exists.
21:50:09.888 DEBUG Watch hublot510.nx.7170.nx already exists.
21:50:10.074 DEBUG Watch hublot516.nx.7170.lr already exists.
21:50:10.284 DEBUG Watch hublot346.cd.1800.lr.1913 already exists.
21:50:10.493 DEBUG Watch hublot301.pm.1780.rx already exists.
21:50:10.708 DEBUG Watch hublot301.ci.1770.rx already exists.
21:50:10.955 DEBUG Watch hublot421.nm.1170.rx already exists.
21:50:11.173 DEBUG Watch hublot301.sb.131.rx already exists.
21:50:11.381 DEBUG Watch longinesl2.673.4.78.5 already exists.
21:50:11.584 DEBUG Watch longinesl2.828.4.72.2 already exists.
21:50:11.764 DEBUG Watch montblanc116096 already exists.
21:50:11.951 DEBUG Watch bell_&_rossheading_indicator already exists.
21:50:12.149 DEBUG Watch bell_&_rossmarine already exists.
21:50:12.349 DEBUG Watch bell_&_rossdiver_red_bronze already exists.
21:50:12.557 DEBUG Watch bell_&_rossbrv192-bl-st_sca already exists.
21:50:12.758 DEBUG Watch bell_&_rossphantom already exists.
21:50:12.997 DEBUG Watch bell_&_rossbr01-92 already exists.
21:50:13.222 DEBUG Watch bell_&_rossbrs-64-s already exists.
21:50:13.432 DEBUG Watch bell_&_rossbrv192-blu already exists.
21:50:13.630 DEBUG Watch bell_&_rossbl-gmt_srb already exists.
21:50:13.830 DEBUG Watch bell_&_rossblue_steel already exists.
21:50:14.039 DEBUG Watch bell_&_rossbr03-94 already exists.
21:50:14.251 DEBUG Setting new watch bell_&_rossbrv2-92
21:50:14.415 DEBUG Setting new watch bell_&_rosshorograph
21:50:14.583 DEBUG Watch nomos781 already exists.
21:50:14.781 DEBUG Watch nomos250.s1 already exists.
21:50:15.001 DEBUG Watch nomos501.s6 already exists.
21:50:15.230 DEBUG Watch nomos1301.s2 already exists.
21:50:15.405 DEBUG Watch nomos205.s2 already exists.
21:50:15.592 DEBUG Watch nomos1101 already exists.
21:50:15.803 DEBUG Watch nomos807 already exists.
21:50:16.017 DEBUG Watch bell_&_rossred_radar_aviation already exists.
21:50:16.230 DEBUG Watch bell_&_rossbrv293-bl-st_sst already exists.
21:50:16.417 DEBUG Watch nomos553 already exists.
21:50:16.631 DEBUG Watch nomos553: nickname was null. Replaced with Atlantik Datum
21:50:16.709 DEBUG Watch nomos553: lug_width was null. Replaced with 20.0
21:50:16.765 DEBUG Watch nomos753.s3 already exists.
