22:16:28.813 INFO  ============ Fresh Run ============
22:16:28.914 DEBUG Making request: POST https://oauth2.googleapis.com/token
22:16:28.934 DEBUG Starting new HTTPS connection (1): oauth2.googleapis.com:443
22:16:29.008 DEBUG https://oauth2.googleapis.com:443 "POST /token HTTP/1.1" 200 None
22:16:29.227 DEBUG Watch jaeger-lecoultreq4128420 already exists.
22:16:29.674 DEBUG Watch jaeger-lecoultreq1288430 already exists.
22:16:30.113 DEBUG Watch jaeger-lecoultreq7048420 already exists.
22:16:30.554 DEBUG Watch jaeger-lecoultreq1548530 already exists.
22:16:31.131 DEBUG Watch jaeger-lecoultreq1378420 already exists.
22:16:31.563 DEBUG Watch jaeger-lecoultreq397846j already exists.
22:16:32.050 DEBUG Watch jaeger-lecoultreq1302520 already exists.
22:16:32.486 DEBUG Watch jaeger-lecoultreq2618420 already exists.
22:16:32.903 DEBUG Watch jaeger-lecoultreq3848420 already exists.
22:16:33.353 DEBUG Watch jaeger-lecoultre145.880.312 already exists.
22:16:33.761 DEBUG Watch jaeger-lecoultreq1352520 already exists.
22:16:34.230 DEBUG Watch jaeger-lecoultreq1428470 already exists.
22:16:34.802 DEBUG Watch jaeger-lecoultreq1628120 already exists.
22:16:35.191 DEBUG Watch jaeger-lecoultreq2608530 already exists.
22:16:35.632 DEBUG Watch jaeger-lecoultreq2618130 already exists.
22:16:36.075 DEBUG Watch jaeger-lecoultreq9008471 already exists.
22:16:36.486 DEBUG Watch jaeger-lecoultreq3832420 already exists.
22:16:36.954 DEBUG Watch jaeger-lecoultreq3858522 already exists.
22:16:37.348 DEBUG Watch jaeger-lecoultreq3268520 already exists.
22:16:37.833 DEBUG Watch jaeger-lecoultreq193a470 already exists.
22:16:38.274 DEBUG Watch jaeger-lecoultreq2511410 already exists.
22:16:38.847 DEBUG Watch jaeger-lecoultreq1398420 already exists.
22:16:39.235 DEBUG Watch jaeger-lecoultreq1428120 already exists.
22:16:39.723 DEBUG Watch jaeger-lecoultreq2608440 already exists.
22:16:40.455 DEBUG Watch jaeger-lecoultreq3732420 already exists.
22:16:40.854 DEBUG Setting new watch jaeger-lecoultreq2712470
22:16:41.138 DEBUG Watch jaeger-lecoultreq9068180 already exists.
22:16:41.692 DEBUG Watch jaeger-lecoultreq3802520 already exists.
22:16:42.106 DEBUG Watch jaeger-lecoultreq1768451 already exists.
22:16:42.492 DEBUG Watch jaeger-lecoultreq3038420 already exists.
22:16:42.838 DEBUG Watch jaeger-lecoultreq2558170 already exists.
22:16:43.457 DEBUG Watch jaeger-lecoultreq701867p already exists.
22:16:43.732 DEBUG Watch jaeger-lecoultreq1548420 already exists.
22:16:44.017 DEBUG Watch jaeger-lecoultreq1358420 already exists.
22:16:44.276 DEBUG Watch jaeger-lecoultreq1408420 already exists.
22:16:44.620 DEBUG Watch jaeger-lecoultreq1368470 already exists.
22:16:44.889 DEBUG Watch jaeger-lecoultreq2068570 already exists.
22:16:45.168 DEBUG Watch jaeger-lecoultreq8018420 already exists.
22:16:45.460 DEBUG Watch jaeger-lecoultreq1288420 already exists.
22:16:45.750 DEBUG Watch jaeger-lecoultreq1428420 already exists.
22:16:45.990 DEBUG Watch jaeger-lecoultreq4018420 already exists.
22:16:46.247 DEBUG Watch jaeger-lecoultreq3748420 already exists.
22:16:46.475 DEBUG Watch iwciw5001-07 already exists.
22:16:46.798 DEBUG Watch iwciw3910-07 already exists.
22:16:47.059 DEBUG Watch iwciw3934-02 already exists.
22:16:47.329 DEBUG Watch iwciw4593-06 already exists.
22:16:47.579 DEBUG Watch iwciw3783-03 already exists.
22:16:47.811 DEBUG Watch iwciw5001-17 already exists.
22:16:48.316 DEBUG Watch iwciw3879-02 already exists.
22:16:48.642 DEBUG Watch iwciw3290-01 already exists.
22:16:48.920 DEBUG Watch iwciw3247-03 already exists.
22:16:49.188 DEBUG Watch iwciw5007-04 already exists.
22:16:49.442 DEBUG Watch iwciw5019-02 already exists.
22:16:49.687 DEBUG Watch iwciw3568-06 already exists.
22:16:49.927 DEBUG Watch iwciw3891-07 already exists.
22:16:50.262 DEBUG Watch iwciw5035-02 already exists.
22:16:50.554 DEBUG Watch iwciw3583-05 already exists.
22:16:50.967 DEBUG Watch iwciw3714-46 already exists.
22:16:51.282 DEBUG Watch iwciw3265-01 already exists.
22:16:51.532 DEBUG Watch iwciw3955-01 already exists.
22:16:51.845 DEBUG Watch iwciw3718-06 already exists.
22:16:52.076 DEBUG Watch iwciw3270-10 already exists.
22:16:52.337 DEBUG Watch iwciw4590-02 already exists.
22:16:52.686 DEBUG Watch iwciw3716-02 already exists.
22:16:52.921 DEBUG Watch iwciw5009-12 already exists.
22:16:53.166 DEBUG Watch iwciw3777-01 already exists.
22:16:53.396 DEBUG Watch iwciw3777-14 already exists.
22:16:53.684 DEBUG Watch iwciw3903-03 already exists.
22:16:53.906 DEBUG Watch iwciw3761-02 already exists.
22:16:54.145 DEBUG Watch iwciw3290-05 already exists.
22:16:54.393 DEBUG Watch iwciw3879-01 already exists.
22:16:54.602 DEBUG Watch iwciw3785-08 already exists.
22:16:54.839 DEBUG Watch iwciw3270-11 already exists.
22:16:55.074 DEBUG Watch iwciw5009-06 already exists.
22:16:55.298 DEBUG Watch iwciw3879-05 already exists.
22:16:55.549 DEBUG Watch iwciw5038-01 already exists.
22:16:55.780 DEBUG Watch iwciw5010-02 already exists.
22:16:56.032 DEBUG Watch iwciw5101-03 already exists.
22:16:56.247 DEBUG Watch iwciw4581-05 already exists.
22:16:56.496 DEBUG Watch iwciw3270-09 already exists.
22:16:56.735 DEBUG Watch iwciw3910-10 already exists.
22:16:56.955 DEBUG Watch iwciw3718-08 already exists.
22:16:57.222 DEBUG Watch iwciw3233-11 already exists.
22:16:57.484 DEBUG Watch iwciw3716-01 already exists.
22:16:57.673 DEBUG Watch iwciw3268-02 already exists.
22:16:57.923 DEBUG Watch iwciw3565-05 already exists.
22:16:58.147 DEBUG Watch iwciw3255-02 already exists.
22:16:58.355 DEBUG Watch iwciw5001-09 already exists.
22:16:58.564 DEBUG Setting new watch iwciw3777-06
22:16:58.720 DEBUG Watch iwciw5102-04 already exists.
22:16:58.954 DEBUG Watch iwciw3538-04 already exists.
22:16:59.201 DEBUG Watch iwciw3809-01 already exists.
22:16:59.433 DEBUG Watch iwciw3270-06 already exists.
22:16:59.704 DEBUG Watch iwciw4594-01 already exists.
22:16:59.942 DEBUG Watch iwciw5009-16 already exists.
22:17:00.123 DEBUG Watch iwciw3903-01 already exists.
22:17:00.354 DEBUG Watch iwciw5001-01 already exists.
22:17:00.617 DEBUG Watch iwciw3910-36 already exists.
22:17:00.824 DEBUG Watch iwciw3807-01 already exists.
22:17:01.049 DEBUG Watch iwciw5010-04 already exists.
22:17:01.279 DEBUG Watch iwciw3239-09 already exists.
22:17:01.519 DEBUG Watch iwciw3777-17 already exists.
22:17:01.724 DEBUG Watch iwciw3268-03 already exists.
22:17:01.982 DEBUG Watch iwciw3881-01 already exists.
22:17:02.179 DEBUG Watch iwciw3891-05 already exists.
22:17:02.389 DEBUG Watch iwciw5005-01 already exists.
22:17:02.662 DEBUG Watch iwciw3767-05 already exists.
22:17:02.871 DEBUG Watch iwciw3583-04 already exists.
22:17:03.067 DEBUG Watch iwciw3239-02 already exists.
22:17:03.277 DEBUG Watch iwciw3290-02 already exists.
22:17:03.489 DEBUG Watch iwciw3714-17 already exists.
22:17:03.742 DEBUG Watch iwciw3714-47 already exists.
22:17:03.970 DEBUG Watch iwciw3778-01 already exists.
22:17:04.182 DEBUG Watch iwciw3718-07 already exists.
22:17:04.398 DEBUG Watch iwciw5027-02 already exists.
22:17:04.595 DEBUG Watch iwciw3768-05 already exists.
22:17:04.800 DEBUG Watch iwciw5102-02 already exists.
22:17:05.017 DEBUG Watch iwciw3950-03 already exists.
22:17:05.236 DEBUG Watch hublot311.qx.1124.rx already exists.
22:17:05.471 DEBUG Watch hublot301.qx.1740.gr already exists.
22:17:05.696 DEBUG Watch hublot581.nx.1171.rx already exists.
22:17:05.891 DEBUG Watch hublot581.nx.2611.rx already exists.
22:17:06.118 DEBUG Watch hublot311.sx.1170.rx already exists.
22:17:06.326 DEBUG Watch hublot515.cs.1270.vr already exists.
22:17:06.536 DEBUG Watch hublot301.ci.8810.nr already exists.
22:17:06.772 DEBUG Watch hublot301.ci.1770.rx already exists.
22:17:06.991 DEBUG Watch hublot525.nx.0170.lr already exists.
22:17:07.195 DEBUG Watch hublot346.cd.1800.lr.1913 already exists.
22:17:07.392 DEBUG Watch hublot516.nx.7170.lr already exists.
22:17:07.581 DEBUG Watch hublot301.pm.1780.rx already exists.
22:17:07.797 DEBUG Watch hublot421.nm.1170.rx already exists.
22:17:08.000 DEBUG Watch hublot510.nx.7170.nx already exists.
22:17:08.212 DEBUG Watch hublot301.sb.131.rx already exists.
22:17:08.444 DEBUG Watch grand_seikosbgm239 already exists.
22:17:08.673 DEBUG Watch grand_seikosbgj251 already exists.
22:17:08.920 DEBUG Watch grand_seikosbgh271 already exists.
22:17:09.140 DEBUG Watch grand_seikosbge001 already exists.
22:17:09.373 DEBUG Watch grand_seikosbga427 already exists.
22:17:09.574 DEBUG Watch grand_seikosbge025 already exists.
22:17:09.804 DEBUG Watch grand_seikosbga373 already exists.
22:17:10.001 DEBUG Watch grand_seikosbga349 already exists.
22:17:10.217 DEBUG Watch grand_seikosbga279 already exists.
22:17:10.433 DEBUG Watch grand_seikosbga201 already exists.
22:17:10.661 DEBUG Watch grand_seikosbga227 already exists.
22:17:10.858 DEBUG Watch grand_seikosbga027 already exists.
22:17:11.088 DEBUG Watch grand_seikosbgm235 already exists.
22:17:11.323 DEBUG Watch grand_seikosbga005 already exists.
22:17:11.535 DEBUG Watch grand_seikosbgw251 already exists.
22:17:11.737 DEBUG Watch grand_seikosbgw253 already exists.
22:17:12.001 DEBUG Watch grand_seikosbgw273 already exists.
22:17:12.212 DEBUG Watch grand_seikosbge271 already exists.
22:17:12.426 DEBUG Watch grand_seikosbgr269 already exists.
22:17:12.636 DEBUG Watch grand_seikosbgj229 already exists.
22:17:12.825 DEBUG Watch grand_seikosbgr309 already exists.
22:17:13.056 DEBUG Watch grand_seikosbgm029 already exists.
22:17:13.264 DEBUG Watch grand_seikosbga421 already exists.
22:17:13.490 DEBUG Watch grand_seikosbgh245 already exists.
22:17:13.706 DEBUG Watch grand_seikosbgp007 already exists.
22:17:13.978 DEBUG Watch grand_seikosbgh295 already exists.
22:17:14.178 DEBUG Watch grand_seikosbgr317 already exists.
22:17:14.362 DEBUG Watch grand_seikosbgw275 already exists.
22:17:14.604 DEBUG Watch grand_seikosbge201 already exists.
22:17:14.821 DEBUG Watch grand_seikosbgh267 already exists.
22:17:15.034 DEBUG Watch grand_seikosbgx347 already exists.
22:17:15.244 DEBUG Watch grand_seikosbgy007 already exists.
22:17:15.477 DEBUG Watch grand_seikosbge225 already exists.
22:17:15.704 DEBUG Watch grand_seikosbga447 already exists.
22:17:15.945 DEBUG Watch grand_seikosbga229 already exists.
22:17:16.160 DEBUG Watch grand_seikosbga283 already exists.
22:17:16.363 DEBUG Watch grand_seikosbgh269 already exists.
22:17:16.631 DEBUG Watch grand_seikosbgm221 already exists.
22:17:16.928 DEBUG Watch grand_seikosbga375 already exists.
22:17:17.239 DEBUG Watch grand_seikosbgw231 already exists.
22:17:17.454 DEBUG Watch grand_seikosbgn007 already exists.
22:17:17.660 DEBUG Watch grand_seikosbge211 already exists.
22:17:17.859 DEBUG Watch grand_seikosbgh273 already exists.
22:17:18.071 DEBUG Watch grand_seikosbga415 already exists.
22:17:18.322 DEBUG Watch grand_seikosbga211 already exists.
22:17:18.543 DEBUG Watch grand_seikosbgj237 already exists.
22:17:19.009 DEBUG Watch grand_seikoslga009 already exists.
22:17:19.211 DEBUG Watch grand_seikosbgr307 already exists.
22:17:19.650 DEBUG Watch grand_seikosbgp003 already exists.
22:17:19.867 DEBUG Watch grand_seikosbgr305 already exists.
22:17:20.172 DEBUG Watch grand_seikosbgx261 already exists.
22:17:20.384 DEBUG Watch grand_seikosbgp015 already exists.
22:17:20.594 DEBUG Watch grand_seikosbge263 already exists.
22:17:20.819 DEBUG Watch grand_seikosbgk005 already exists.
22:17:21.023 DEBUG Watch grand_seikosbgj255 already exists.
22:17:21.253 DEBUG Watch grand_seikosbga299 already exists.
22:17:21.476 DEBUG Watch grand_seikosbgk007 already exists.
22:17:21.709 DEBUG Watch grand_seikosbgn003 already exists.
22:17:21.905 DEBUG Watch grand_seikosbgn003: max._wrist_size was null. Replaced with 7.5inches
22:17:21.960 DEBUG Watch grand_seikosbga301 already exists.
22:17:22.185 DEBUG Watch grand_seikostgf267 already exists.
22:17:22.373 DEBUG Watch grand_seikosbgr057 already exists.
22:17:22.645 DEBUG Watch grand_seikosbgx339 already exists.
22:17:22.945 DEBUG Watch grand_seikosbgr077 already exists.
22:17:23.159 DEBUG Watch grand_seikosbga439 already exists.
22:17:23.442 DEBUG Watch grand_seikosbgn013 already exists.
22:17:23.649 DEBUG Watch grand_seikosbga281 already exists.
22:17:23.866 DEBUG Watch grand_seikosbgn005 already exists.
22:17:24.081 DEBUG Watch grand_seikosbga429 already exists.
22:17:24.383 DEBUG Watch grand_seikosbgn023 already exists.
22:17:24.592 DEBUG Watch grand_seikosbgj227 already exists.
22:17:24.826 DEBUG Watch grand_seikosbga401 already exists.
22:17:25.060 DEBUG Watch grand_seikosbgv207 already exists.
22:17:25.253 DEBUG Watch grand_seikosbga403 already exists.
22:17:25.480 DEBUG Watch grand_seikosbge213 already exists.
22:17:25.677 DEBUG Watch nomos781 already exists.
22:17:25.904 DEBUG Watch nomos1301.s2 already exists.
22:17:26.120 DEBUG Watch nomos250.s1 already exists.
22:17:26.324 DEBUG Watch nomos753.s3 already exists.
22:17:26.548 DEBUG Watch nomos501.s6 already exists.
22:17:26.769 DEBUG Watch nomos553 already exists.
22:17:26.982 DEBUG Watch nomos205.s2 already exists.
22:17:27.173 DEBUG Watch nomos807 already exists.
22:17:27.361 DEBUG Watch nomos1101 already exists.
22:17:27.565 DEBUG Watch omega231.10.43.52.06.001 already exists.
22:17:27.830 DEBUG Watch omega215.30.44.21.03.001 already exists.
22:17:28.100 DEBUG Watch omega210.32.42.20.06.001 already exists.
22:17:28.336 DEBUG Watch omega220.10.40.20.03.001 already exists.
22:17:28.569 DEBUG Watch omega310.32.42.50.02.001 already exists.
22:17:28.797 DEBUG Watch omega318.90.45.79.01.001 already exists.
22:17:29.036 DEBUG Watch omega327.10.43.50.06.001 already exists.
22:17:29.247 DEBUG Watch omega227.90.55.21.04.001 already exists.
22:17:29.473 DEBUG Watch omega232.30.46.51.01.002 already exists.
22:17:29.721 DEBUG Watch omega304.30.44.52.01.001 already exists.
22:17:29.991 DEBUG Watch omega3210.50.00 already exists.
22:17:30.216 DEBUG Watch omega311.33.42.50.01.001 already exists.
22:17:30.430 DEBUG Watch omega215.92.46.22.01.003 already exists.
22:17:30.643 DEBUG Watch omega215.33.46.51.01.001 already exists.
22:17:30.843 DEBUG Watch omega3572.50.00 already exists.
22:17:31.067 DEBUG Watch omega231.10.39.60.06.001 already exists.
22:17:31.323 DEBUG Watch omega2220.80.00 already exists.
22:17:31.570 DEBUG Watch omega310.30.42.50.01.001 already exists.
22:17:31.811 DEBUG Watch omega232.33.38.20.01.002 already exists.
22:17:32.026 DEBUG Watch omega231.10.42.21.03.004 already exists.
22:17:32.259 DEBUG Watch omega311.33.42.30.01.002 already exists.
22:17:32.466 DEBUG Watch omega3539.50.00 already exists.
22:17:32.664 DEBUG Watch omega311.92.44.51.01.006 already exists.
22:17:32.864 DEBUG Watch omega231.10.42.21.01.004 already exists.
22:17:33.084 DEBUG Watch omega3570.50.00 already exists.
22:17:33.280 DEBUG Watch omega220.10.38.20.03.001 already exists.
22:17:33.480 DEBUG Watch omega3513.20.00 already exists.
22:17:33.691 DEBUG Watch omega2534.50.00 already exists.
22:17:33.913 DEBUG Watch omega3511.20.00 already exists.
22:17:34.133 DEBUG Watch omega2201.50.00 already exists.
22:17:34.347 DEBUG Watch omega210.30.42.20.01.001 already exists.
22:17:34.540 DEBUG Watch omega210.30.42.20.01.001: max._wrist_size was null. Replaced with 7.25inches
22:17:34.600 DEBUG Watch omega123.20.27.60.05.004 already exists.
22:17:34.818 DEBUG Watch omega311.33.42.30.01.001 already exists.
22:17:35.104 DEBUG Watch omega215.32.43.21.04.001 already exists.
22:17:35.386 DEBUG Watch omega331.10.42.51.01.002 already exists.
22:17:35.698 DEBUG Watch omega2209.50.00 already exists.
22:17:36.003 DEBUG Watch omega2254.50.00 already exists.
22:17:36.270 DEBUG Watch omega220.10.41.21.10.001 already exists.
22:17:36.465 DEBUG Watch omega326.32.40.50.06.001 already exists.
22:17:36.748 DEBUG Watch omega210.90.42.20.01.001 already exists.
22:17:37.004 DEBUG Watch omega3523.80.00 already exists.
22:17:37.282 DEBUG Watch omega329.30.44.51.04.001 already exists.
22:17:37.547 DEBUG Watch omega310.30.42.50.01.002 already exists.
22:17:37.799 DEBUG Watch omega220.10.38.20.01.001 already exists.
22:17:38.088 DEBUG Watch omega522.30.42.20.04.001 already exists.
22:17:38.359 DEBUG Watch omega215.30.46.51.03.001 already exists.
22:17:38.571 DEBUG Watch omega233.90.41.21.03.001 already exists.
22:17:38.884 DEBUG Watch omega2255.80.00 already exists.
22:17:39.096 DEBUG Watch omega3576.50.00 already exists.
22:17:39.312 DEBUG Watch omega3513.30.00 already exists.
22:17:39.517 DEBUG Watch omega324.30.38.50.01.001 already exists.
22:17:39.734 DEBUG Watch omega215.32.44.21.01.001 already exists.
22:17:39.993 DEBUG Watch omega2502.50.00 already exists.
22:17:40.198 DEBUG Watch omega324.30.38.40.06.001 already exists.
22:17:40.429 DEBUG Watch omega2265.80.00 already exists.
22:17:40.624 DEBUG Watch omega2901.51.82 already exists.
22:17:40.826 DEBUG Watch omega3517.30.00 already exists.
22:17:41.035 DEBUG Watch omega220.10.40.20.06.001 already exists.
22:17:41.262 DEBUG Watch omega2551.80.00 already exists.
22:17:41.509 DEBUG Watch omega233.30.41.21.01.001 already exists.
22:17:41.774 DEBUG Watch omega3560.50.00 already exists.
22:17:41.981 DEBUG Watch omega212.30.41.20.04.001 already exists.
22:17:42.189 DEBUG Watch omega326.32.40.50.02.001 already exists.
22:17:42.435 DEBUG Watch omega311.32.40.30.01.001 already exists.
22:17:42.674 DEBUG Setting new watch omega232.30.38.20.04.001
22:17:42.810 DEBUG Watch omega232.90.46.51.03.001 already exists.
22:17:43.027 DEBUG Watch omega232.92.38.20.03.001 already exists.
22:17:43.259 DEBUG Watch omega210.32.42.20.01.001 already exists.
22:17:43.472 DEBUG Watch omega431.13.42.51.01.001 already exists.
22:17:43.659 DEBUG Watch omega232.30.44.22.03.001 already exists.
22:17:43.859 DEBUG Watch omega311.93.44.51.99.001 already exists.
22:17:44.072 DEBUG Watch omega2221.80.00 already exists.
22:17:44.270 DEBUG Watch omega210.92.42.20.01.001 already exists.
22:17:44.485 DEBUG Watch omega212.30.41.61.01.001 already exists.
22:17:44.686 DEBUG Watch omega231.12.42.21.01.001 already exists.
22:17:44.915 DEBUG Watch omega522.12.41.21.03.001 already exists.
22:17:45.145 DEBUG Watch omega231.10.39.60.02.001 already exists.
22:17:45.381 DEBUG Watch omega232.32.42.21.01.005 already exists.
22:17:45.625 DEBUG Watch omega3523.30.00 already exists.
22:17:45.896 DEBUG Watch omega222.32.38.50.01.003 already exists.
22:17:46.120 DEBUG Watch omega2537.80.00 already exists.
22:17:46.380 DEBUG Watch omega311.30.42.30.01.003 already exists.
22:17:46.649 DEBUG Watch omega3594.50.00 already exists.
22:17:46.878 DEBUG Watch omega3520.50.00 already exists.
22:17:47.087 DEBUG Watch omega310.32.42.50.01.002 already exists.
22:17:47.316 DEBUG Watch omega212.92.44.50.99.001 already exists.
22:17:47.576 DEBUG Watch omega3210.51.00 already exists.
22:17:47.843 DEBUG Watch omega329.32.44.51.06.001 already exists.
22:17:48.069 DEBUG Watch omega234.30.41.21.01.001 already exists.
22:17:48.314 DEBUG Watch omega2231.80.00 already exists.
22:17:48.564 DEBUG Watch omega212.30.36.20.01.002 already exists.
22:17:48.839 DEBUG Watch omega331.10.42.51.01.001 already exists.
22:17:49.092 DEBUG Watch omega231.92.39.21.04.001 already exists.
22:17:49.334 DEBUG Watch omega3597.06.00 already exists.
22:17:49.555 DEBUG Watch omega210.32.42.20.03.001 already exists.
22:17:49.802 DEBUG Watch omega326.30.40.50.04.001 already exists.
22:17:50.022 DEBUG Watch omega232.32.46.21.01.005 already exists.
22:17:50.223 DEBUG Watch omega130.30.39.21.03.001 already exists.
22:17:50.481 DEBUG Watch omega326.30.40.50.01.001 already exists.
22:17:50.763 DEBUG Watch omega522.20.42.30.01.001 already exists.
22:17:51.042 DEBUG Watch omega321.10.42.50.01.001 already exists.
22:17:51.279 DEBUG Watch omega220.10.41.21.03.002 already exists.
22:17:51.532 DEBUG Watch omega233.32.41.21.01.001 already exists.
22:17:51.790 DEBUG Watch omega311.90.44.51.03.001 already exists.
22:17:51.992 DEBUG Watch omega220.22.41.21.03.001 already exists.
22:17:52.212 DEBUG Watch omega511.13.40.20.02.002 already exists.
22:17:52.433 DEBUG Watch omega234.32.41.21.01.001 already exists.
22:17:52.642 DEBUG Watch omega329.30.43.51.02.001 already exists.
22:17:52.897 DEBUG Watch omega304.33.44.52.03.001 already exists.
22:17:53.120 DEBUG Watch omega424.53.40.20.02.001 already exists.
22:17:53.348 DEBUG Watch omega234.92.41.21.10.001 already exists.
22:17:53.573 DEBUG Watch omega231.10.44.50.04.001 already exists.
22:17:53.830 DEBUG Watch omega220.10.41.21.01.001 already exists.
22:17:54.048 DEBUG Watch omega522.10.41.21.04.001 already exists.
22:17:54.265 DEBUG Watch omega232.30.42.21.01.004 already exists.
22:17:54.502 DEBUG Watch omega215.30.40.20.01.001 already exists.
22:17:54.741 DEBUG Watch omega215.33.44.21.03.001 already exists.
22:17:54.980 DEBUG Watch omega210.30.42.20.03.001 already exists.
22:17:55.215 DEBUG Watch omega232.92.42.21.03.001 already exists.
22:17:55.471 DEBUG Watch omega310.60.42.50.01.001 already exists.
22:17:55.706 DEBUG Watch omega326.30.40.50.03.001 already exists.
22:17:55.977 DEBUG Watch omega326.30.40.50.03.001: max._wrist_size was null. Replaced with 7.75inches
22:17:56.045 DEBUG Watch omega220.12.41.21.03.002 already exists.
22:17:56.272 DEBUG Watch omega321.30.44.52.01.001 already exists.
22:17:56.529 DEBUG Watch omega210.32.42.20.04.001 already exists.
22:17:56.825 DEBUG Watch omega522.30.42.30.03.001 already exists.
22:17:57.121 DEBUG Watch omega3510.80.00 already exists.
22:17:57.361 DEBUG Watch omega310.20.42.50.01.001 already exists.
22:17:57.666 DEBUG Watch omega212.30.41.20.03.001 already exists.
22:17:57.931 DEBUG Watch omega326.30.40.50.01.002 already exists.
22:17:58.176 DEBUG Watch omega231.10.42.21.03.001 already exists.
22:17:58.421 DEBUG Watch omega310.60.42.50.02.001 already exists.
22:17:58.617 DEBUG Watch omega522.30.42.30.04.001 already exists.
22:17:58.823 DEBUG Watch omega212.30.44.50.03.001 already exists.
22:17:59.046 DEBUG Watch omega215.90.44.21.99.001 already exists.
22:17:59.265 DEBUG Watch omega3513.54.00 already exists.
22:17:59.515 DEBUG Watch omega215.92.46.22.01.001 already exists.
22:17:59.804 DEBUG Watch omega215.30.46.51.01.001 already exists.
22:18:00.033 DEBUG Watch omega329.33.44.51.04.001 already exists.
22:18:00.254 DEBUG Watch omega220.12.43.22.03.001 already exists.
22:18:00.469 DEBUG Watch omega311.30.42.30.01.005 already exists.
22:18:00.745 DEBUG Watch omega327.20.43.50.01.001 already exists.
22:18:01.063 DEBUG Watch omega210.30.42.20.04.001 already exists.
22:18:01.407 DEBUG Watch omega3220.50.00 already exists.
22:18:01.614 DEBUG Watch omega210.22.42.20.01.004 already exists.
22:18:01.848 DEBUG Watch omega326.30.40.50.02.001 already exists.
22:18:02.090 DEBUG Watch omega145.022 already exists.
22:18:02.314 DEBUG Watch omega424.13.40.21.02.001 already exists.
22:18:02.535 DEBUG Watch omega130.30.39.21.02.001 already exists.
22:18:02.786 DEBUG Watch omega234.30.41.21.03.001 already exists.
22:18:03.013 DEBUG Watch omega311.30.42.30.01.006 already exists.
22:18:03.268 DEBUG Watch omega2561.80.00 already exists.
22:18:03.502 DEBUG Watch omega2594.52.00 already exists.
22:18:03.712 DEBUG Watch omega3573.50.00 already exists.
22:18:03.920 DEBUG Watch omega424.13.40.20.01.001 already exists.
22:18:04.142 DEBUG Watch omega215.20.46.51.03.001 already exists.
22:18:04.362 DEBUG Watch omega123.10.38.22.01.001 already exists.
22:18:04.568 DEBUG Watch omega215.92.46.22.01.002 already exists.
22:18:04.801 DEBUG Watch omega215.30.40.20.03.001 already exists.
22:18:05.048 DEBUG Watch omega215.30.44.21.01.001 already exists.
22:18:05.254 DEBUG Watch omega3581.50.00 already exists.
22:18:05.464 DEBUG Watch omega2200.51.00 already exists.
22:18:05.734 DEBUG Watch omega212.30.36.20.03.001 already exists.
22:18:05.968 DEBUG Watch omega2552.20.00 already exists.
22:18:06.220 DEBUG Watch omega2541.80.00 already exists.
22:18:06.450 DEBUG Watch omega210.22.42.20.03.001 already exists.
22:18:06.682 DEBUG Watch omega310.32.42.50.01.001 already exists.
22:18:06.891 DEBUG Watch omega232.30.46.21.01.003 already exists.
22:18:07.143 DEBUG Watch omega311.92.44.51.01.003 already exists.
22:18:07.399 DEBUG Watch omega210.30.42.20.06.001 already exists.
22:18:07.630 DEBUG Watch omega232.30.46.51.01.001 already exists.
22:18:07.862 DEBUG Watch omega210.22.42.20.03.002 already exists.
22:18:08.089 DEBUG Watch omega311.32.40.30.06.001 already exists.
22:18:08.299 DEBUG Watch omega2251.80.00 already exists.
22:18:08.520 DEBUG Watch omega2201.51.00 already exists.
22:18:08.775 DEBUG Watch omega3210.52.00 already exists.
22:18:08.996 DEBUG Watch omega210.22.42.20.01.002 already exists.
22:18:09.210 DEBUG Watch omega212.30.44.50.01.001 already exists.
22:18:09.459 DEBUG Watch omega215.30.46.51.01.002 already exists.
22:18:09.676 DEBUG Watch omega413.15.27.60.05.001 already exists.
22:18:09.903 DEBUG Watch omega2542.80.00 already exists.
22:18:10.163 DEBUG Watch omega311.33.40.30.02.001 already exists.
22:18:10.383 DEBUG Watch omega131.10.29.20.52.001 already exists.
22:18:10.591 DEBUG Watch omega2223.80.00 already exists.
22:18:10.808 DEBUG Watch omega311.33.44.51.01.001 already exists.
22:18:11.029 DEBUG Watch omega220.10.40.20.01.001 already exists.
22:18:11.256 DEBUG Watch omega424.10.40.20.02.005 already exists.
22:18:11.486 DEBUG Watch omega2224.80.00 already exists.
22:18:11.709 DEBUG Watch omega3623.33.21 already exists.
22:18:11.939 DEBUG Watch omega522.30.42.30.06.001 already exists.
22:18:12.201 DEBUG Watch omega3290.50.00 already exists.
22:18:12.420 DEBUG Watch omega231.10.42.21.02.001 already exists.
22:18:12.620 DEBUG Watch omega331.10.42.51.02.002 already exists.
22:18:12.824 DEBUG Watch omega326.30.40.50.11.001 already exists.
22:18:13.047 DEBUG Watch omega232.32.46.21.01.003 already exists.
22:18:13.272 DEBUG Watch omega212.32.44.50.01.001 already exists.
22:18:13.488 DEBUG Watch omega215.92.46.51.01.002 already exists.
22:18:13.694 DEBUG Watch omega311.93.44.51.99.002 already exists.
22:18:13.989 DEBUG Watch omega232.30.38.20.01.001 already exists.
22:18:14.209 DEBUG Watch omega511.13.38.20.02.001 already exists.
22:18:14.436 DEBUG Watch omega231.10.39.22.01.001 already exists.
22:18:14.635 DEBUG Watch omega231.13.44.52.06.001 already exists.
22:18:14.949 DEBUG Watch omega3578.51.00 already exists.
22:18:15.203 DEBUG Watch omega212.30.41.20.01.003 already exists.
22:18:15.436 DEBUG Watch omega210.30.44.51.03.002 already exists.
22:18:15.664 DEBUG Watch omega220.10.41.21.06.001 already exists.
22:18:15.901 DEBUG Watch omega311.92.44.51.01.007 already exists.
22:18:16.167 DEBUG Watch omega311.30.42.30.01.004 already exists.
22:18:16.422 DEBUG Watch omega220.12.41.21.03.001 already exists.
22:18:16.654 DEBUG Watch omega215.30.44.21.01.002 already exists.
22:18:16.919 DEBUG Watch omega215.30.44.22.01.001 already exists.
22:18:17.147 DEBUG Watch omega2264.50.00 already exists.
22:18:17.353 DEBUG Watch omega2332.80.00 already exists.
22:18:17.571 DEBUG Watch omega433.10.41.22.02.001 already exists.
22:18:17.777 DEBUG Watch omega232.32.46.21.01.001 already exists.
22:18:17.996 DEBUG Watch omega329.32.44.51.01.001 already exists.
22:18:18.235 DEBUG Watch omega2562.80.00 already exists.
22:18:18.454 DEBUG Watch omega131.10.28.60.06.001 already exists.
22:18:18.775 DEBUG Watch omega234.10.39.20.01.001 already exists.
22:18:18.998 DEBUG Watch omega424.10.37.20.03.002 already exists.
22:18:19.253 DEBUG Watch omega231.10.42.21.01.002 already exists.
22:18:19.469 DEBUG Watch omega2512.30.00 already exists.
22:18:19.680 DEBUG Watch omega212.30.36.20.51.001 already exists.
22:18:19.910 DEBUG Watch omega220.12.40.20.01.001 already exists.
22:18:20.162 DEBUG Watch omega220.12.40.20.01.001: max._wrist_size was null. Replaced with 7.50inches
22:18:20.221 DEBUG Watch omega231.10.44.50.06.001 already exists.
22:18:20.447 DEBUG Watch omega232.90.46.21.03.001 already exists.
22:18:20.676 DEBUG Watch omega522.33.40.20.04.001 already exists.
22:18:20.894 DEBUG Watch omega311.92.44.30.01.001 already exists.
22:18:21.121 DEBUG Watch omega231.10.43.22.02.001 already exists.
22:18:21.326 DEBUG Watch omega231.10.44.50.09.001 already exists.
22:18:21.549 DEBUG Watch omega210.20.42.20.03.001 already exists.
22:18:21.764 DEBUG Watch omega222.30.46.20.01.001 already exists.
22:18:21.983 DEBUG Watch omega311.30.42.30.99.002 already exists.
22:18:22.212 DEBUG Watch omega2210.50.00 already exists.
22:18:22.424 DEBUG Watch omega3221.30.00 already exists.
22:18:22.636 DEBUG Watch omega210.30.44.51.06.001 already exists.
22:18:22.838 DEBUG Watch omega304.33.44.52.01.001 already exists.
22:18:23.048 DEBUG Watch omega231.20.43.22.06.002 already exists.
22:18:23.274 DEBUG Watch omega231.53.49.10.04.001 already exists.
22:18:23.490 DEBUG Watch omega212.30.36.20.01.001 already exists.
22:18:23.714 DEBUG Watch omega231.10.43.22.06.001 already exists.
22:18:23.936 DEBUG Watch omega231.10.39.21.03.001 already exists.
22:18:24.164 DEBUG Watch omega232.90.42.21.03.001 already exists.
22:18:24.388 DEBUG Watch omega231.10.44.50.01.001 already exists.
22:18:24.619 DEBUG Watch omega232.30.38.20.01.002 already exists.
22:18:24.833 DEBUG Watch omega233.22.41.21.01.002 already exists.
22:18:25.046 DEBUG Watch omega212.30.36.20.04.001 already exists.
22:18:25.278 DEBUG Watch omega2517.30.00 already exists.
22:18:25.499 DEBUG Watch omega3582.31.00 already exists.
22:18:25.715 DEBUG Watch omega231.13.43.52.06.001 already exists.
22:18:25.927 DEBUG Watch omega331.10.42.51.03.001 already exists.
22:18:26.145 DEBUG Watch omega231.92.43.22.04.001 already exists.
22:18:26.379 DEBUG Watch omega522.32.44.21.03.001 already exists.
22:18:26.606 DEBUG Setting new watch omega2208.50.00
22:18:26.761 DEBUG Watch omega130.20.39.21.03.001 already exists.
22:18:26.976 DEBUG Watch montblanc116096 already exists.
22:18:27.278 DEBUG Watch paneraipam_005 already exists.
22:18:27.512 DEBUG Watch paneraipam_422 already exists.
22:18:27.719 DEBUG Watch paneraipam_210 already exists.
22:18:27.996 DEBUG Watch paneraipam_312 already exists.
22:18:28.208 DEBUG Watch paneraipam_292 already exists.
22:18:28.430 DEBUG Watch paneraipam_1535 already exists.
22:18:28.661 DEBUG Watch paneraipam_632 already exists.
22:18:28.895 DEBUG Watch paneraipam_773 already exists.
22:18:29.112 DEBUG Watch paneraipam_978 already exists.
22:18:29.341 DEBUG Watch paneraipam_372 already exists.
22:18:29.578 DEBUG Watch paneraipam_564 already exists.
22:18:29.784 DEBUG Watch paneraipam_1048 already exists.
22:18:30.005 DEBUG Watch paneraipam_643 already exists.
22:18:30.277 DEBUG Watch paneraipam_305 already exists.
22:18:30.505 DEBUG Watch paneraipam_1305 already exists.
22:18:30.723 DEBUG Watch paneraipam_927 already exists.
22:18:30.928 DEBUG Watch paneraipam_609 already exists.
22:18:31.132 DEBUG Watch paneraipam_774 already exists.
22:18:31.349 DEBUG Watch paneraipam_1110 already exists.
22:18:31.574 DEBUG Watch paneraipam_676 already exists.
22:18:31.794 DEBUG Watch paneraipam_1176 already exists.
22:18:32.017 DEBUG Watch paneraipam_561 already exists.
22:18:32.268 DEBUG Watch paneraipam_716 already exists.
22:18:32.503 DEBUG Watch paneraipam_1312 already exists.
22:18:32.719 DEBUG Watch paneraipam_777 already exists.
22:18:32.928 DEBUG Watch paneraipam_755 already exists.
22:18:33.164 DEBUG Watch paneraipam_390 already exists.
22:18:33.384 DEBUG Watch paneraipam_371 already exists.
22:18:33.593 DEBUG Watch paneraipam_574 already exists.
22:18:33.795 DEBUG Watch paneraipam_346 already exists.
22:18:34.089 DEBUG Watch paneraipam_352 already exists.
22:18:34.318 DEBUG Watch paneraipam_356 already exists.
22:18:34.544 DEBUG Watch paneraipam_982 already exists.
22:18:34.756 DEBUG Watch paneraipam_388 already exists.
22:18:34.997 DEBUG Watch paneraipam_661 already exists.
22:18:35.211 DEBUG Watch paneraipam_504 already exists.
22:18:35.427 DEBUG Watch paneraipam_320 already exists.
22:18:35.651 DEBUG Watch paneraipam_177 already exists.
22:18:35.865 DEBUG Watch paneraipam_176 already exists.
22:18:36.154 DEBUG Watch paneraipam_283 already exists.
22:18:36.369 DEBUG Watch paneraipam_663 already exists.
22:18:36.575 DEBUG Watch paneraipam_112 already exists.
22:18:36.790 DEBUG Watch paneraipam_514 already exists.
22:18:37.038 DEBUG Watch paneraipam_111 already exists.
22:18:37.265 DEBUG Watch paneraipam_1086 already exists.
22:18:37.494 DEBUG Watch paneraipam_510 already exists.
22:18:37.704 DEBUG Watch paneraipam_629 already exists.
22:18:37.934 DEBUG Watch paneraipam_000 already exists.
22:18:38.186 DEBUG Watch paneraipam_1028 already exists.
22:18:38.415 DEBUG Watch paneraipam_992 already exists.
22:18:38.646 DEBUG Watch paneraipam_1223 already exists.
22:18:38.886 DEBUG Watch paneraipam_218 already exists.
22:18:39.107 DEBUG Watch paneraipam_441 already exists.
22:18:39.324 DEBUG Watch paneraipam_1090 already exists.
22:18:39.547 DEBUG Watch paneraipam_233 already exists.
22:18:39.765 DEBUG Watch paneraipam_369 already exists.
22:18:40.019 DEBUG Watch paneraipam_024 already exists.
22:18:40.238 DEBUG Watch paneraipam_232 already exists.
22:18:40.477 DEBUG Watch paneraipam_425 already exists.
22:18:40.683 DEBUG Watch paneraipam_523 already exists.
22:18:40.894 DEBUG Watch paneraipam_1392 already exists.
22:18:41.115 DEBUG Watch paneraipam_943 already exists.
22:18:41.349 DEBUG Watch paneraipam_380 already exists.
22:18:41.568 DEBUG Watch paneraipam_1043 already exists.
22:18:41.853 DEBUG Watch paneraipam_1270 already exists.
22:18:42.090 DEBUG Watch paneraipam_590 already exists.
22:18:42.358 DEBUG Watch paneraipam_063 already exists.
22:18:42.605 DEBUG Watch paneraipam_915 already exists.
22:18:42.862 DEBUG Watch paneraipam_1351 already exists.
22:18:43.127 DEBUG Watch paneraipam_183 already exists.
22:18:43.412 DEBUG Watch paneraipam_104 already exists.
22:18:43.614 DEBUG Watch paneraipam_069 already exists.
22:18:43.814 DEBUG Watch paneraipam_090 already exists.
22:18:44.028 DEBUG Watch paneraipam_1359 already exists.
22:18:44.250 DEBUG Watch paneraipam_010 already exists.
22:18:44.452 DEBUG Watch paneraipam_904 already exists.
22:18:44.660 DEBUG Watch paneraipam_1249 already exists.
22:18:44.867 DEBUG Watch longinesl2.828.4.72.2 already exists.
22:18:45.079 DEBUG Watch longinesl2.673.4.78.5 already exists.
22:18:45.296 DEBUG Watch oris01_730_7757_4083 already exists.
22:18:45.519 DEBUG Watch patek_philippe5112g already exists.
22:18:45.771 DEBUG Watch patek_philippe5711a already exists.
22:18:46.003 DEBUG Watch patek_philippe3989j already exists.
22:18:46.245 DEBUG Watch patek_philippe3802j already exists.
22:18:46.468 DEBUG Watch patek_philippe3940p already exists.
22:18:46.686 DEBUG Watch patek_philippe5565a already exists.
22:18:46.901 DEBUG Watch patek_philippe5712a already exists.
22:18:47.124 DEBUG Watch patek_philippe7118a already exists.
22:18:47.345 DEBUG Watch patek_philippe5960p already exists.
22:18:47.617 DEBUG Watch patek_philippe5196j already exists.
22:18:47.820 DEBUG Watch tag_heuercar2b11 already exists.
22:18:48.061 DEBUG Watch tag_heuercar2a1z already exists.
22:18:48.297 DEBUG Watch tag_heuercar2a1t-0 already exists.
22:18:48.520 DEBUG Watch tag_heuerway2015 already exists.
22:18:48.745 DEBUG Watch tag_heuercaw211r already exists.
22:18:48.960 DEBUG Watch tag_heuercbk2110 already exists.
22:18:49.171 DEBUG Watch tag_heuercbn2a1a already exists.
22:18:49.398 DEBUG Watch tag_heuerww2119 already exists.
22:18:49.618 DEBUG Watch tag_heuercv2a10 already exists.
22:18:49.833 DEBUG Watch tag_heuercbk221b already exists.
22:18:50.061 DEBUG Watch tag_heuerwak2180 already exists.
22:18:50.280 DEBUG Watch tag_heuerwar201e already exists.
22:18:50.493 DEBUG Watch tag_heuerway211c already exists.
22:18:50.707 DEBUG Watch tag_heuercv201ag already exists.
22:18:50.924 DEBUG Watch tag_heuercav511b already exists.
22:18:51.122 DEBUG Watch tag_heuercaw2111 already exists.
22:18:51.356 DEBUG Watch tag_heuercak2112 already exists.
22:18:51.581 DEBUG Watch tag_heuercar2013-4 already exists.
22:18:51.788 DEBUG Watch tag_heuercar221a already exists.
22:18:52.020 DEBUG Watch tag_heuercbg2a1z already exists.
22:18:52.222 DEBUG Watch tag_heuerwbe5192 already exists.
22:18:52.450 DEBUG Watch tag_heuercar2a12 already exists.
22:18:52.655 DEBUG Watch tag_heuercaw211p already exists.
22:18:52.910 DEBUG Watch tag_heuercar208z already exists.
22:18:53.218 DEBUG Watch tag_heuercv2a1v already exists.
22:18:53.452 DEBUG Watch tag_heuercw2113-0 already exists.
22:18:53.658 DEBUG Watch tag_heuercs2111 already exists.
22:18:53.883 DEBUG Watch tag_heuerway201a already exists.
22:18:54.108 DEBUG Watch tag_heuercay1111 already exists.
22:18:54.322 DEBUG Watch tag_heuercas2150 already exists.
22:18:54.546 DEBUG Watch tag_heuerwbd2112-0 already exists.
22:18:54.772 DEBUG Watch tag_heuercal2110 already exists.
22:18:54.986 DEBUG Watch tag_heuercar2a1z-0 already exists.
22:18:55.209 DEBUG Watch tag_heuerwak2120 already exists.
22:18:55.418 DEBUG Watch tag_heuercaj2110 already exists.
22:18:55.653 DEBUG Watch tag_heuerway201s-0 already exists.
22:18:55.918 DEBUG Watch tag_heuercar2b10 already exists.
22:18:56.152 DEBUG Watch tag_heuercar2a90 already exists.
22:18:56.360 DEBUG Watch tag_heuercar2a1w-0 already exists.
22:18:56.572 DEBUG Watch tag_heuercbe2117 already exists.
22:18:56.810 DEBUG Watch tag_heuercay1110 already exists.
22:18:57.049 DEBUG Watch tag_heuerway201t already exists.
22:18:57.250 DEBUG Watch tag_heuerwau111d already exists.
22:18:57.463 DEBUG Watch tag_heuercav511a already exists.
22:18:57.662 DEBUG Watch tag_heuercam2111 already exists.
22:18:57.874 DEBUG Watch tag_heuerwaz211a already exists.
22:18:58.195 DEBUG Watch tag_heuerwbe5112 already exists.
22:18:58.429 DEBUG Watch tag_heuercbl2113 already exists.
22:18:58.631 DEBUG Watch tag_heuercar201t already exists.
22:18:58.828 DEBUG Watch tag_heuercaz2011 already exists.
22:18:59.023 DEBUG Watch tag_heuercy2110 already exists.
22:18:59.228 DEBUG Watch tag_heuercar201v already exists.
22:18:59.442 DEBUG Watch tag_heuerwav5112 already exists.
22:18:59.651 DEBUG Watch tag_heuerway201s already exists.
22:18:59.852 DEBUG Watch tag_heuercar2090 already exists.
22:19:00.079 DEBUG Watch tag_heuercaz201a already exists.
22:19:00.294 DEBUG Watch tag_heuercbk221d already exists.
22:19:00.501 DEBUG Watch tag_heuercar2112 already exists.
22:19:00.703 DEBUG Watch tag_heuercaw2110 already exists.
22:19:00.912 DEBUG Watch tag_heuercbl2111 already exists.
22:19:01.114 DEBUG Watch tag_heuercr2080 already exists.
22:19:01.326 DEBUG Watch tag_heuerwbp208c already exists.
22:19:01.560 DEBUG Watch tag_heuercv2a1ab already exists.
22:19:02.014 DEBUG Watch tudor79030 already exists.
22:19:02.385 DEBUG Watch tudor79012 already exists.
22:19:02.627 DEBUG Watch tudor79250 already exists.
22:19:02.880 DEBUG Watch tudor25600 already exists.
22:19:03.313 DEBUG Watch tudor79830 already exists.
22:19:03.661 DEBUG Watch tudor79833 already exists.
22:19:03.932 DEBUG Watch tudor79500 already exists.
22:19:04.205 DEBUG Watch tudor42000 already exists.
22:19:04.529 DEBUG Watch tudor79230 already exists.
22:19:05.029 DEBUG Watch tudor70330 already exists.
22:19:05.305 DEBUG Watch tudor79470 already exists.
22:19:05.601 DEBUG Watch tudor79220 already exists.
22:19:05.854 DEBUG Watch tudor79270p already exists.
22:19:06.069 DEBUG Watch tudor28500 already exists.
22:19:06.318 DEBUG Watch tudor79910 already exists.
22:19:06.591 DEBUG Watch tudor56000 already exists.
22:19:06.833 DEBUG Watch tudor79018 already exists.
22:19:07.064 DEBUG Watch tudor25500 already exists.
22:19:07.344 DEBUG Watch tudor25500: max._wrist_size was null. Replaced with 7.75inches
22:19:07.422 DEBUG Watch tudor79090 already exists.
22:19:07.626 DEBUG Watch tudor76200 already exists.
22:19:07.838 DEBUG Watch tudor79363 already exists.
22:19:08.088 DEBUG Watch tudor79010 already exists.
22:19:08.298 DEBUG Watch tudor79350 already exists.
22:19:08.496 DEBUG Watch tudor79540 already exists.
22:19:08.705 DEBUG Watch tudor79733 already exists.
22:19:08.923 DEBUG Watch tudor79210 already exists.
22:19:09.126 DEBUG Watch tudor12713 already exists.
22:19:09.344 DEBUG Watch zenith96.2260.4061 already exists.
22:19:09.547 DEBUG Watch zenith95.9100.9004 already exists.
22:19:09.771 DEBUG Watch zenith24.2160.4063 already exists.
22:19:10.029 DEBUG Watch zenith03.2150.400 already exists.
22:19:10.263 DEBUG Watch zenith03.2150.400: max._wrist_size was null. Replaced with 7inches
22:19:10.333 DEBUG Watch zenith95.9000.9004 already exists.
22:19:10.571 DEBUG Watch zenith03.2046.4061 already exists.
22:19:10.784 DEBUG Watch zenith03.3102.3600 already exists.
22:19:11.007 DEBUG Watch zenith03.us384.400 already exists.
22:19:11.230 DEBUG Watch zenith65.3101.3600 already exists.
22:19:11.461 DEBUG Watch zenith03.2170.4650 already exists.
22:19:11.690 DEBUG Watch zenith03.3200.3600 already exists.
22:19:11.919 DEBUG Watch zenith97.t384.4061 already exists.
22:19:12.144 DEBUG Watch zenith03.2091.410 already exists.
22:19:12.359 DEBUG Watch zenith03.2120.685 already exists.
22:19:12.579 DEBUG Watch zenith03.3100.3600 already exists.
22:19:12.835 DEBUG Watch zenith03.2240.4069 already exists.
22:19:13.045 DEBUG Watch zenith03.9300.3620 already exists.
22:19:13.280 DEBUG Watch zenith11.1943.679 already exists.
22:19:13.492 DEBUG Watch zenith01.0125.680 already exists.
22:19:13.712 DEBUG Watch zenith03.2060.405 already exists.
22:19:13.926 DEBUG Watch zenith51.2061.405 already exists.
22:19:14.137 DEBUG Watch zenith05.2430.679 already exists.
22:19:14.362 DEBUG Watch zenith49.2520.400 already exists.
22:19:14.581 DEBUG Watch zenith03.2160.4047 already exists.
22:19:14.799 DEBUG Watch zenith03.2400.4046 already exists.
22:19:15.043 DEBUG Watch rolex116203 already exists.
22:19:15.373 DEBUG Watch rolex67180 already exists.
22:19:15.749 DEBUG Watch rolex16234 already exists.
22:19:16.091 DEBUG Watch rolex126334 already exists.
22:19:16.492 DEBUG Watch rolex15200 already exists.
22:19:16.780 DEBUG Watch rolex76030 already exists.
22:19:17.097 DEBUG Watch rolex14270 already exists.
22:19:17.363 DEBUG Watch rolex14010 already exists.
22:19:17.610 DEBUG Watch rolex116710 already exists.
22:19:17.952 DEBUG Watch rolex126710 already exists.
22:19:18.260 DEBUG Watch rolex279160 already exists.
22:19:18.589 DEBUG Watch rolex114060 already exists.
22:19:18.952 DEBUG Watch rolex16610lv already exists.
22:19:19.185 DEBUG Watch rolex178274 already exists.
22:19:19.432 DEBUG Watch rolex116300 already exists.
22:19:19.739 DEBUG Watch rolex116400gv already exists.
22:19:20.053 DEBUG Watch rolex126711 already exists.
22:19:20.344 DEBUG Watch rolex116900 already exists.
22:19:20.622 DEBUG Watch rolex114270 already exists.
22:19:21.047 DEBUG Watch rolex126613 already exists.
22:19:21.372 DEBUG Watch rolex126600 already exists.
22:19:21.654 DEBUG Watch rolex116613 already exists.
22:19:21.938 DEBUG Watch rolex124060 already exists.
22:19:22.199 DEBUG Watch rolex124270 already exists.
22:19:22.476 DEBUG Watch rolex16613 already exists.
22:19:22.748 DEBUG Watch rolex116333 already exists.
22:19:22.987 DEBUG Watch rolex116610lv already exists.
22:19:23.234 DEBUG Watch rolex178344 already exists.
22:19:23.497 DEBUG Watch rolex116500 already exists.
22:19:23.779 DEBUG Watch rolex79173 already exists.
22:19:24.011 DEBUG Watch rolex116234 already exists.
22:19:24.285 DEBUG Watch rolex126610 already exists.
22:19:24.621 DEBUG Watch rolex126660 already exists.
22:19:24.959 DEBUG Watch rolex214270 already exists.
22:19:25.278 DEBUG Watch rolex116622 already exists.
22:19:25.615 DEBUG Watch rolex126000 already exists.
22:19:25.924 DEBUG Watch rolex14060 already exists.
22:19:26.149 DEBUG Watch rolex126331 already exists.
22:19:26.409 DEBUG Watch rolex116000 already exists.
22:19:26.678 DEBUG Watch rolex116264 already exists.
22:19:27.015 DEBUG Watch rolex16030 already exists.
22:19:27.374 DEBUG Watch rolex216570 already exists.
22:19:27.614 DEBUG Watch rolex18238 already exists.
22:19:27.844 DEBUG Watch rolex116610 already exists.
22:19:28.204 DEBUG Watch rolex124300 already exists.
22:19:28.482 DEBUG Watch rolex124273 already exists.
22:19:28.836 DEBUG Watch rolex126300 already exists.
22:19:29.329 DEBUG Watch rolex126200 already exists.
22:19:29.701 DEBUG Watch rolex114200 already exists.
22:19:29.999 DEBUG Watch rolex126333 already exists.
22:19:30.266 DEBUG Watch rolex326934 already exists.
22:19:30.508 DEBUG Watch rolex116200 already exists.
22:19:30.793 DEBUG Watch rolex114300 already exists.
22:19:31.061 DEBUG Watch rolex116713 already exists.
22:19:31.338 DEBUG Watch rolex124200 already exists.
22:19:31.647 DEBUG Watch rolex126234 already exists.
22:19:31.888 DEBUG Watch rolex118205 already exists.
22:19:32.133 DEBUG Watch rolex18239 already exists.
22:19:32.355 DEBUG Watch rolex116680 already exists.
22:19:32.577 DEBUG Watch rolex116400 already exists.
22:19:32.908 DEBUG Watch rolex116660 already exists.
22:19:33.213 DEBUG Watch rolex16610 already exists.
22:19:33.488 DEBUG Watch rolex126203 already exists.
22:19:33.758 DEBUG Watch rolex116334 already exists.
22:19:34.014 DEBUG Watch rolex116519 already exists.
22:19:34.245 DEBUG Watch rolex16570 already exists.
22:19:34.480 DEBUG Watch rolex126603 already exists.
22:19:34.725 DEBUG Watch rolex50525 already exists.
22:19:34.953 DEBUG Watch rolex50529 already exists.
22:19:35.171 DEBUG Watch rolex115200 already exists.
22:19:35.400 DEBUG Watch rolex116503 already exists.
22:19:35.672 DEBUG Watch rolex16600 already exists.
22:19:35.972 DEBUG Watch rolex276200 already exists.
22:19:36.217 DEBUG Watch rolex116201 already exists.
22:19:36.444 DEBUG Watch rolex279161 already exists.
22:19:36.682 DEBUG Watch rolex77080 already exists.
22:19:36.908 DEBUG Watch rolex169622 already exists.
22:19:37.164 DEBUG Watch rolex326933 already exists.
22:19:37.379 DEBUG Watch rolex169623 already exists.
22:19:37.627 DEBUG Watch rolex69160 already exists.
22:19:37.871 DEBUG Watch rolex16203 already exists.
22:19:38.144 DEBUG Watch rolex79160 already exists.
22:19:38.421 DEBUG Watch rolex176200 already exists.
22:19:38.682 DEBUG Watch rolex115234 already exists.
22:19:39.008 DEBUG Watch rolex76080 already exists.
22:19:39.311 DEBUG Watch rolex16622 already exists.
22:19:39.550 DEBUG Watch rolex179174 already exists.
22:19:39.791 DEBUG Watch rolex126233 already exists.
22:19:40.002 DEBUG Watch rolex116231 already exists.
22:19:40.270 DEBUG Watch rolex16200 already exists.
22:19:40.519 DEBUG Watch rolex118135 already exists.
22:19:40.731 DEBUG Watch rolex16623 already exists.
22:19:40.949 DEBUG Watch rolex69240 already exists.
22:19:41.176 DEBUG Watch rolex118239 already exists.
22:19:41.396 DEBUG Watch rolex79174 already exists.
22:19:41.605 DEBUG Watch rolex16233 already exists.
22:19:41.815 DEBUG Watch rolex16700 already exists.
22:19:42.048 DEBUG Watch rolex15210 already exists.
22:19:42.281 DEBUG Watch rolex79240 already exists.
22:19:42.524 DEBUG Watch rolex69173 already exists.
22:19:42.745 DEBUG Watch rolex128238 already exists.
22:19:42.953 DEBUG Watch rolex176210 already exists.
22:19:43.233 DEBUG Watch rolex279174 already exists.
22:19:43.444 DEBUG Watch rolex16528 already exists.
22:19:43.665 DEBUG Watch rolex14000 already exists.
22:19:43.872 DEBUG Watch rolex116518 already exists.
22:19:44.087 DEBUG Watch rolex226570 already exists.
22:19:44.298 DEBUG Watch rolex16264 already exists.
22:19:44.514 DEBUG Watch rolex1675 already exists.
22:19:44.743 DEBUG Watch rolex268655 already exists.
22:19:44.964 DEBUG Watch rolex79190 already exists.
22:19:45.180 DEBUG Watch rolex16713 already exists.
22:19:45.387 DEBUG Watch rolex116600 already exists.
22:19:45.604 DEBUG Watch rolex277200 already exists.
22:19:45.827 DEBUG Watch rolex67480 already exists.
22:19:46.055 DEBUG Watch rolex168623 already exists.
22:19:46.273 DEBUG Watch rolex68279 already exists.
22:19:46.483 DEBUG Watch ulysse_nardin243-00_43 already exists.
22:19:46.700 DEBUG Watch ulysse_nardin333-77 already exists.
22:19:46.919 DEBUG Watch ulysse_nardin1183-310_42-bq already exists.
22:19:47.134 DEBUG Watch ulysse_nardin236-68 already exists.
22:19:47.358 DEBUG Watch ulysse_nardin8163-175-7mil_93 already exists.
22:19:47.561 DEBUG Watch ulysse_nardin263-33-3_91 already exists.
22:19:47.810 DEBUG Watch ulysse_nardin243-00-3_42 already exists.
22:19:48.054 DEBUG Watch ulysse_nardin3713-260_black already exists.
22:19:48.274 DEBUG Watch ulysse_nardin263-55-3 already exists.
22:19:48.492 DEBUG Watch ulysse_nardin263-33_92 already exists.
22:19:48.730 DEBUG Watch ulysse_nardin1503-150 already exists.
22:19:48.936 DEBUG Watch ulysse_nardin203-22-7-52 already exists.
22:19:49.143 DEBUG Watch ulysse_nardin1506-150_le already exists.
22:19:49.359 DEBUG Watch ulysse_nardin263-66 already exists.
22:19:49.565 DEBUG Watch piagetgoa39105 already exists.
22:19:49.778 DEBUG Watch vacheron_constantin42040_423a-8458 already exists.
22:19:49.995 DEBUG Watch vacheron_constantin4400e_000r-b436 already exists.
22:19:50.209 DEBUG Watch vacheron_constantin49150_b01a-9745 already exists.
22:19:50.425 DEBUG Watch vacheron_constantin7900v_110a-b334 already exists.
22:19:50.640 DEBUG Watch vacheron_constantin4600e_000a-b442 already exists.
22:19:50.853 DEBUG Watch vacheron_constantin86020_000g-9508 already exists.
22:19:51.073 DEBUG Watch vacheron_constantin4500v_110a-b128 already exists.
22:19:51.284 DEBUG Watch vacheron_constantin25021_000g-9113 already exists.
22:19:51.486 DEBUG Watch vacheron_constantin47192_000r-9352 already exists.
22:19:51.719 DEBUG Watch a._lange_&_sohne402.026 already exists.
22:19:51.941 DEBUG Watch a._lange_&_sohne211.032 already exists.
22:19:52.148 DEBUG Watch a._lange_&_sohne215.026 already exists.
22:19:52.352 DEBUG Watch a._lange_&_sohne233.032 already exists.
22:19:52.562 DEBUG Watch a._lange_&_sohne139.025 already exists.
22:19:52.760 DEBUG Watch a._lange_&_sohne201.027 already exists.
22:19:52.980 DEBUG Watch a._lange_&_sohne232.032 already exists.
22:19:53.198 DEBUG Watch a._lange_&_sohne115.031 already exists.
22:19:53.407 DEBUG Watch audemars_piguet26030io.oo.d001in.01 already exists.
22:19:53.621 DEBUG Watch audemars_piguet15720st.oo.a027ca.01 already exists.
22:19:53.831 DEBUG Watch audemars_piguet15500st.oo.1220st.01 already exists.
22:19:54.064 DEBUG Watch audemars_piguet15500st.oo.1220st.02 already exists.
22:19:54.296 DEBUG Watch audemars_piguet26331or.oo.d821cr.01 already exists.
22:19:54.519 DEBUG Watch audemars_piguet15450st.oo.1256st.03 already exists.
22:19:54.751 DEBUG Watch audemars_piguet25594st.oo.0789st.03 already exists.
22:19:54.960 DEBUG Watch audemars_piguet15400st.oo.1220st.02.a already exists.
22:19:55.194 DEBUG Watch audemars_piguet15450st.oo.1256st.01 already exists.
22:19:55.394 DEBUG Watch audemars_piguet14802st.oo.0944st.01 already exists.
22:19:55.606 DEBUG Watch audemars_piguet26401ro.oo.a002ca.01 already exists.
22:19:55.818 DEBUG Watch audemars_piguet25730sa.00.0789sa.02 already exists.
22:19:56.031 DEBUG Watch audemars_piguet26300st.oo.1110st.06 already exists.
22:19:56.235 DEBUG Watch audemars_piguet26176fo.oo.d101cr.02 already exists.
22:19:56.422 DEBUG Watch blancpain2160-1127-71 already exists.
22:19:56.645 DEBUG Watch blancpain5052-1110-63a already exists.
22:19:56.857 DEBUG Watch blancpain5200-1110-naba already exists.
22:19:57.067 DEBUG Watch blancpain5000-0130-naba already exists.
22:19:57.273 DEBUG Watch blancpain6106-1127-55a already exists.
22:19:57.512 DEBUG Watch blancpain6651-1127-55b already exists.
22:19:57.706 DEBUG Watch blancpainac01-1130-63a already exists.
22:19:57.966 DEBUG Watch blancpain6106-1127-95a already exists.
22:19:58.197 DEBUG Watch blancpain1151-1127-55b already exists.
22:19:58.401 DEBUG Setting new watch blancpain5000-1210-g52a
22:19:58.559 DEBUG Watch blancpain1185-1127-55 already exists.
22:19:58.770 DEBUG Watch blancpain6637-3631-55b already exists.
22:19:59.021 DEBUG Watch breitlinga32395 already exists.
22:19:59.298 DEBUG Watch breitlinga17367 already exists.
22:19:59.658 DEBUG Watch breitlinga13370 already exists.
22:19:59.969 DEBUG Watch breitlinga13340 already exists.
22:20:00.272 DEBUG Watch breitlinga13340: max._wrist_size was null. Replaced with 7.25inches
22:20:00.335 DEBUG Watch breitlinga13316 already exists.
22:20:00.578 DEBUG Watch breitlingab0118 already exists.
22:20:00.843 DEBUG Watch breitlingu13313 already exists.
22:20:01.063 DEBUG Watch breitlingc13356 already exists.
22:20:01.280 DEBUG Watch breitlingm17315 already exists.
22:20:01.591 DEBUG Watch breitlingm13313 already exists.
22:20:01.825 DEBUG Watch breitlinga17360 already exists.
22:20:02.056 DEBUG Watch breitlinga17331 already exists.
22:20:02.313 DEBUG Watch breitlinga17314 already exists.
22:20:02.561 DEBUG Watch breitlinga17314: max._wrist_size was null. Replaced with 7.5inches
22:20:02.617 DEBUG Watch breitlingab0410 already exists.
22:20:02.854 DEBUG Watch breitlinga17390 already exists.
22:20:03.108 DEBUG Watch breitlinga13385 already exists.
22:20:03.347 DEBUG Watch breitlinga17321 already exists.
22:20:03.648 DEBUG Watch breitlinge79363 already exists.
22:20:03.932 DEBUG Watch breitlinge79363: max._wrist_size was null. Replaced with 7.25inches
22:20:03.998 DEBUG Watch breitlingab0144 already exists.
22:20:04.237 DEBUG Watch breitlinge13383 already exists.
22:20:04.473 DEBUG Watch breitlingm13320 already exists.
22:20:04.702 DEBUG Watch breitlinga13311 already exists.
22:20:04.973 DEBUG Watch breitlingeb5510 already exists.
22:20:05.211 DEBUG Watch breitlinga17320 already exists.
22:20:05.430 DEBUG Watch breitlingab2010 already exists.
22:20:05.645 DEBUG Watch breitlinga68362 already exists.
22:20:05.913 DEBUG Watch breitlinga73388 already exists.
22:20:06.155 DEBUG Watch breitlingxb0180 already exists.
22:20:06.362 DEBUG Watch breitlingxb0170 already exists.
22:20:06.596 DEBUG Watch breitlinga13341 already exists.
22:20:06.855 DEBUG Watch breitlinga45310 already exists.
22:20:07.078 DEBUG Watch breitlingab0123 already exists.
22:20:07.288 DEBUG Setting new watch breitlinga39363
22:20:07.447 DEBUG Watch breitlinga13317 already exists.
22:20:07.649 DEBUG Watch breitlinga44359 already exists.
22:20:07.888 DEBUG Watch breitlinga13341_steelfish already exists.
22:20:08.181 DEBUG Watch breitlinga13381 already exists.
22:20:08.433 DEBUG Watch breitlinga17318 already exists.
22:20:08.820 DEBUG Watch breitlingm17393 already exists.
22:20:09.068 DEBUG Watch breitlingm13380 already exists.
22:20:09.299 DEBUG Watch breitlingab2020 already exists.
22:20:09.606 DEBUG Watch breitlingu13320 already exists.
22:20:09.846 DEBUG Watch breitlingvb5510 already exists.
22:20:10.065 DEBUG Watch breitlinga17340 already exists.
22:20:10.276 DEBUG Watch breitlinga73390 already exists.
22:20:10.537 DEBUG Watch breitlingv32395 already exists.
22:20:10.835 DEBUG Watch breitlinga13312 already exists.
22:20:11.076 DEBUG Watch breitlinga14360 already exists.
22:20:11.425 DEBUG Watch breitlinga13313 already exists.
22:20:11.653 DEBUG Watch breitlingu10380 already exists.
22:20:11.867 DEBUG Watch breitlingv17369 already exists.
22:20:12.084 DEBUG Watch breitlingab0510 already exists.
22:20:12.297 DEBUG Watch breitlinga17350 already exists.
22:20:12.525 DEBUG Watch breitlingw71330 already exists.
22:20:12.724 DEBUG Watch breitlinga17364 already exists.
22:20:12.934 DEBUG Watch breitlingxb1210 already exists.
22:20:13.144 DEBUG Watch breitlingab0117 already exists.
22:20:13.373 DEBUG Watch breitlinga47362 already exists.
22:20:13.605 DEBUG Watch breitlinga47362: max._wrist_size was null. Replaced with 7.5inches
22:20:13.670 DEBUG Watch breitlinga19310 already exists.
22:20:13.901 DEBUG Watch breitlinga13375 already exists.
22:20:14.138 DEBUG Watch breitlinga17315 already exists.
22:20:14.366 DEBUG Watch breitlingab0138 already exists.
22:20:14.605 DEBUG Watch breitlingub2010 already exists.
22:20:14.827 DEBUG Watch breitlinga13356 already exists.
22:20:15.072 DEBUG Watch breitlinga17365 already exists.
22:20:15.326 DEBUG Watch breitlinga17366 already exists.
22:20:15.553 DEBUG Watch breitlingab0134 already exists.
22:20:15.771 DEBUG Watch breitlingrb0311 already exists.
22:20:15.999 DEBUG Watch breitlingab0920 already exists.
22:20:16.224 DEBUG Watch breitlinga17326 already exists.
22:20:16.437 DEBUG Watch breitlingy24310 already exists.
22:20:16.663 DEBUG Watch breitlingv79363 already exists.
22:20:16.906 DEBUG Watch breitlingm13314 already exists.
22:20:17.194 DEBUG Watch breitlingab0110 already exists.
22:20:17.408 DEBUG Watch breitlinga24322 already exists.
22:20:17.626 DEBUG Watch breitlinga23310 already exists.
22:20:17.847 DEBUG Watch breitlingab2030 already exists.
22:20:18.064 DEBUG Watch breitlinga25363 already exists.
22:20:18.328 DEBUG Watch breitlingcb0140 already exists.
22:20:18.558 DEBUG Watch breitlinga32390 already exists.
22:20:18.819 DEBUG Watch breitlingab0127 already exists.
22:20:19.068 DEBUG Watch breitlinga17319 already exists.
22:20:19.296 DEBUG Watch breitlinga45330 already exists.
22:20:19.495 DEBUG Watch breitlinga17392 already exists.
22:20:19.705 DEBUG Watch breitlinga49350 already exists.
22:20:19.929 DEBUG Watch breitlingm73390 already exists.
22:20:20.136 DEBUG Watch breitlingab0930 already exists.
22:20:20.367 DEBUG Watch breitlingab0611 already exists.
22:20:20.610 DEBUG Watch breitlingm17314 already exists.
22:20:20.828 DEBUG Watch breitlingab0136 already exists.
22:20:21.051 DEBUG Watch breitlinga17313 already exists.
22:20:21.257 DEBUG Watch breitlinga73387 already exists.
22:20:21.473 DEBUG Watch breitlingm17330 already exists.
22:20:21.687 DEBUG Watch breitlinga32380 already exists.
22:20:21.905 DEBUG Watch breitlingy17393 already exists.
22:20:22.134 DEBUG Watch breitlinga22360 already exists.
22:20:22.346 DEBUG Watch breitlinga13320 already exists.
22:20:22.556 DEBUG Watch breitlinga13371 already exists.
22:20:22.746 DEBUG Watch breitlingab0445 already exists.
22:20:22.958 DEBUG Watch breitlingvb5010 already exists.
22:20:23.176 DEBUG Watch breitlingab0451 already exists.
22:20:23.391 DEBUG Watch breitlingm17368 already exists.
22:20:23.641 DEBUG Watch breitlingab0162 already exists.
22:20:23.853 DEBUG Watch breitlingab0152 already exists.
22:20:24.200 DEBUG Watch breitlingi19320 already exists.
22:20:24.427 DEBUG Watch breitlinge79362 already exists.
22:20:24.673 DEBUG Watch breitlingab0910 already exists.
22:20:24.890 DEBUG Watch breitlingab0121_airline_capsule_collection already exists.
22:20:25.106 DEBUG Watch breitlingeb5512 already exists.
22:20:25.328 DEBUG Watch breitlingeb5010 already exists.
22:20:25.544 DEBUG Watch breitlinga13358 already exists.
22:20:25.814 DEBUG Watch breitlinga77380 already exists.
22:20:26.021 DEBUG Watch breitlinga13324 already exists.
22:20:26.245 DEBUG Watch breitlinga17391 already exists.
22:20:26.457 DEBUG Watch breitlinga10370 already exists.
22:20:26.670 DEBUG Watch breitlinga44355 already exists.
22:20:26.881 DEBUG Watch breitlinga17345 already exists.
22:20:27.090 DEBUG Watch breitlingx82310 already exists.
22:20:27.347 DEBUG Watch breitlingx74320 already exists.
22:20:27.571 DEBUG Watch breitlingf56062 already exists.
22:20:27.765 DEBUG Watch breitlinga78365 already exists.
22:20:27.973 DEBUG Watch breitlinga45320 already exists.
22:20:28.192 DEBUG Watch breitlinga44360 already exists.
22:20:28.420 DEBUG Watch breitlinga17330 already exists.
22:20:28.631 DEBUG Watch breitlinga42362 already exists.
22:20:28.848 DEBUG Watch breitlinga13315 already exists.
22:20:29.069 DEBUG Watch breitlinga13380 already exists.
22:20:29.273 DEBUG Watch breitlingab3521 already exists.
22:20:29.508 DEBUG Watch bell_&_rosscarbon already exists.
22:20:29.790 DEBUG Watch bell_&_rosssport_heritage_gmt_&_flyback already exists.
22:20:30.023 DEBUG Watch bell_&_rossbr_v2-93 already exists.
22:20:30.233 DEBUG Watch bell_&_rossheading_indicator already exists.
22:20:30.452 DEBUG Watch bell_&_rossdiver_red_bronze already exists.
22:20:30.663 DEBUG Watch bell_&_rossbrv192-bl-st_sca already exists.
22:20:30.881 DEBUG Watch bell_&_rossbr05c-bu-st already exists.
22:20:31.094 DEBUG Watch bell_&_rossmarine already exists.
22:20:31.319 DEBUG Watch bell_&_rossphantom already exists.
22:20:31.539 DEBUG Watch bell_&_rossbrs-64-s already exists.
22:20:31.753 DEBUG Watch bell_&_rossbr01-92 already exists.
22:20:31.969 DEBUG Watch bell_&_rossbl-gmt_srb already exists.
22:20:32.178 DEBUG Watch bell_&_rossbrv192-blu already exists.
22:20:32.398 DEBUG Watch bell_&_rossblue_steel already exists.
22:20:32.599 DEBUG Watch bell_&_rosshorograph already exists.
22:20:32.786 DEBUG Watch bell_&_rossbrv2-92 already exists.
22:20:32.985 DEBUG Watch bell_&_rossbr03-94 already exists.
22:20:33.197 DEBUG Watch bell_&_rossred_radar_aviation already exists.
22:20:33.410 DEBUG Watch bell_&_rossbrv293-bl-st_sst already exists.
22:20:33.617 DEBUG Watch breguet4820st_d2_s76 already exists.
22:20:33.822 DEBUG Watch breguet3810ti_h2_3zu already exists.
22:20:34.028 DEBUG Watch breguet3880st_h2_sxo already exists.
22:20:34.240 DEBUG Watch breguet3810st_92_sz9 already exists.
22:20:34.453 DEBUG Watch breguet7027bb already exists.
22:20:34.666 DEBUG Watch breguet7337br_1e_9v6 already exists.
22:20:34.890 DEBUG Watch breguet3817st_x2_3zu already exists.
22:20:35.108 DEBUG Watch breguet5817st_y2_5v8 already exists.
22:20:35.323 DEBUG Watch breguet3820st_h2_sw9 already exists.
22:20:35.528 DEBUG Watch baume_&_mercier10342 already exists.
22:20:35.737 DEBUG Watch baume_&_mercier10484 already exists.
22:20:35.952 DEBUG Watch baume_&_mercier10082 already exists.
22:20:36.163 DEBUG Watch cartierwspa0018 already exists.
22:20:36.415 DEBUG Watch cartierw69010z4 already exists.
22:20:36.641 DEBUG Watch cartierw6920055 already exists.
22:20:36.862 DEBUG Watch cartierw62017v3 already exists.
22:20:37.097 DEBUG Watch cartierw62019x6 already exists.
22:20:37.331 DEBUG Watch cartierw3pn0007 already exists.
22:20:37.543 DEBUG Watch cartierwjbb0019 already exists.
22:20:37.774 DEBUG Watch cartierwe9003z3 already exists.
22:20:38.001 DEBUG Watch cartierwe902080 already exists.
22:20:38.223 DEBUG Watch cartierwssa0009 already exists.
22:20:38.435 DEBUG Watch cartierw51005q4 already exists.
22:20:38.646 DEBUG Watch cartierw26015k2 already exists.
22:20:38.854 DEBUG Watch cartierw3013756 already exists.
22:20:39.094 DEBUG Watch cartierwssa0037 already exists.
22:20:39.307 DEBUG Watch cartierw6920089 already exists.
22:20:39.527 DEBUG Watch cartierw1018255 already exists.
22:20:39.728 DEBUG Watch cartierw5200014 already exists.
22:20:39.938 DEBUG Watch cartierw1504856 already exists.
22:20:40.146 DEBUG Watch cartierwsca0011 already exists.
22:20:40.356 DEBUG Watch cartierwssa0032 already exists.
22:20:40.561 DEBUG Watch cartierwgsa0032 already exists.
22:20:40.800 DEBUG Watch cartierwsta0028 already exists.
22:20:41.023 DEBUG Watch cartierw31044m7 already exists.
22:20:41.233 DEBUG Watch cartierwsnm0008 already exists.
22:20:41.445 DEBUG Watch cartierw7100057 already exists.
22:20:41.663 DEBUG Watch cartierw3107355 already exists.
22:20:41.876 DEBUG Watch cartierw6920086 already exists.
22:20:42.099 DEBUG Watch cartierw6300255 already exists.
22:20:42.321 DEBUG Watch cartierw20107x7 already exists.
22:20:42.530 DEBUG Watch cartierw51030q3 already exists.
22:20:42.728 DEBUG Watch cartierw5310009 already exists.
22:20:42.951 DEBUG Watch cartierw62032x6 already exists.
22:20:43.207 DEBUG Watch cartierwssa0018 already exists.
22:20:43.441 DEBUG Watch cartierwssa0039 already exists.
22:20:43.655 DEBUG Watch cartierw20077x7 already exists.
22:20:43.882 DEBUG Watch cartierw2sa0006 already exists.
22:20:44.092 DEBUG Watch cartierw6920009 already exists.
22:20:44.297 DEBUG Watch cartierw1529756 already exists.
22:20:44.497 DEBUG Watch cartierwssa0030 already exists.
22:20:44.962 DEBUG Watch cartierw20025d6 already exists.
22:20:45.205 DEBUG Watch cartierw1544956 already exists.
22:20:45.477 DEBUG Watch cartierw1542751 already exists.
22:20:45.691 DEBUG Watch cartierw10x1358 already exists.
22:20:45.942 DEBUG Watch cartierw2pa0009 already exists.
22:20:46.156 DEBUG Watch cartierwsrn0013 already exists.
22:20:46.361 DEBUG Setting new watch cartierw2609156
22:20:46.524 DEBUG Watch cartierw62007x6 already exists.
22:20:46.735 DEBUG Watch cartierw6700255 already exists.
22:20:46.945 DEBUG Watch cartierw69011z4 already exists.
22:20:47.145 DEBUG Watch cartierw51008q3 already exists.
22:20:47.358 DEBUG Watch cartierw1501756 already exists.
22:20:47.584 DEBUG Watch cartierw7100016 already exists.
22:20:47.792 DEBUG Watch cartierwgsa0027 already exists.
22:20:48.000 DEBUG Watch cartierwsta0054 already exists.
22:20:48.223 DEBUG Watch cartierw62001v3 already exists.
22:20:48.489 DEBUG Watch cartierw20073x8 already exists.
22:20:48.701 DEBUG Watch cartierw7100015 already exists.
22:20:48.914 DEBUG Watch cartierwsnm0009 already exists.
22:20:49.118 DEBUG Watch cartierwsta0055 already exists.
22:20:49.335 DEBUG Watch cartierw2bb0004 already exists.
22:20:49.545 DEBUG Watch cartierwsca0010 already exists.
22:20:49.746 DEBUG Watch cartierw2cl0004 already exists.
22:20:49.947 DEBUG Watch cartierwe1018s3 already exists.
22:20:50.152 DEBUG Watch cartierw1556203 already exists.
22:20:50.363 DEBUG Watch cartierwsta0016 already exists.
22:20:50.578 DEBUG Watch cartierw20072x7 already exists.
22:20:50.787 DEBUG Watch cartierw51036q4 already exists.
22:20:51.001 DEBUG Watch cartierw50002n2 already exists.
22:20:51.207 DEBUG Watch cartierw7100037 already exists.
22:20:51.417 DEBUG Watch cartierw69008z3 already exists.
22:20:51.646 DEBUG Watch cartierwgbb0030 already exists.
22:20:51.861 DEBUG Watch cartierw2sa0016 already exists.
22:20:52.082 DEBUG Watch cartierw5310008 already exists.
22:20:52.300 DEBUG Watch cartierw5330004 already exists.
22:20:52.518 DEBUG Watch chopard298600-3002 already exists.
22:20:52.715 DEBUG Watch chopard168459-3041 already exists.
22:20:52.921 DEBUG Watch bulgari102912 already exists.
22:20:53.136 DEBUG Watch glashutte_original100-14-02-02-04 already exists.
22:20:53.344 DEBUG Watch glashutte_original1-36-03-01-02-30 already exists.
22:20:53.568 DEBUG Watch glashutte_original1-37-01-04-02-35 already exists.
22:20:53.774 DEBUG Watch glashutte_original1-39-34-03-22-04 already exists.
22:20:53.991 DEBUG Watch glashutte_original1-90-02-43-32-05 already exists.
22:20:54.202 DEBUG Watch glashutte_original100-02-25-12-05 already exists.
22:20:54.435 DEBUG Watch glashutte_original1-39-59-01-02-04 already exists.
22:20:54.653 DEBUG Watch glashutte_original1-58-01-05-34-30 already exists.
22:20:54.861 DEBUG Watch glashutte_original39-52-01-01-04 already exists.
22:20:55.083 DEBUG Watch glashutte_original1-39-11-13-83-70 already exists.
22:20:55.292 DEBUG Watch glashutte_original38-42-04-22-04 already exists.
22:20:55.514 DEBUG Watch glashutte_original39-47-06-02-04 already exists.
22:20:55.722 DEBUG Watch glashutte_original1-39-58-01-02-04 already exists.
22:20:55.928 DEBUG Watch glashutte_original65-01-01-01-04 already exists.
22:20:56.134 DEBUG Watch glashutte_original39-42-43-03-14 already exists.
22:20:56.338 DEBUG Watch glashutte_original1-39-52-03-02-04 already exists.
22:20:56.568 DEBUG Watch glashutte_original39-47-01-02-04 already exists.
22:20:56.789 DEBUG Watch glashutte_original90-02-43-32-05 already exists.
22:20:56.996 DEBUG Watch glashutte_original1-39-52-14-02-04 already exists.
